TN:
SF:src\websocket-server.js
FN:21,(anonymous_0)
FN:54,(anonymous_1)
FN:115,(anonymous_2)
FN:134,(anonymous_3)
FN:142,(anonymous_4)
FN:146,(anonymous_5)
FN:155,(anonymous_6)
FN:168,(anonymous_7)
FN:173,(anonymous_8)
FN:191,(anonymous_9)
FN:197,(anonymous_10)
FN:207,(anonymous_11)
FN:225,(anonymous_12)
FN:245,(anonymous_13)
FN:266,(anonymous_14)
FN:295,(anonymous_15)
FN:297,(anonymous_16)
FN:302,(anonymous_17)
FN:306,(anonymous_18)
FN:312,(anonymous_19)
FN:316,(anonymous_20)
FN:328,(anonymous_21)
FN:334,(anonymous_22)
FN:353,(anonymous_23)
FN:354,(anonymous_24)
FN:355,(anonymous_25)
FN:368,(anonymous_26)
FN:399,(anonymous_27)
FN:421,(anonymous_28)
FN:611,(anonymous_29)
FN:614,(anonymous_30)
FN:615,(anonymous_31)
FN:622,(anonymous_32)
FN:628,(anonymous_33)
FN:638,(anonymous_34)
FN:654,(anonymous_35)
FN:670,(anonymous_36)
FN:680,(anonymous_37)
FN:695,(anonymous_38)
FNF:39
FNH:0
FNDA:0,(anonymous_0)
FNDA:0,(anonymous_1)
FNDA:0,(anonymous_2)
FNDA:0,(anonymous_3)
FNDA:0,(anonymous_4)
FNDA:0,(anonymous_5)
FNDA:0,(anonymous_6)
FNDA:0,(anonymous_7)
FNDA:0,(anonymous_8)
FNDA:0,(anonymous_9)
FNDA:0,(anonymous_10)
FNDA:0,(anonymous_11)
FNDA:0,(anonymous_12)
FNDA:0,(anonymous_13)
FNDA:0,(anonymous_14)
FNDA:0,(anonymous_15)
FNDA:0,(anonymous_16)
FNDA:0,(anonymous_17)
FNDA:0,(anonymous_18)
FNDA:0,(anonymous_19)
FNDA:0,(anonymous_20)
FNDA:0,(anonymous_21)
FNDA:0,(anonymous_22)
FNDA:0,(anonymous_23)
FNDA:0,(anonymous_24)
FNDA:0,(anonymous_25)
FNDA:0,(anonymous_26)
FNDA:0,(anonymous_27)
FNDA:0,(anonymous_28)
FNDA:0,(anonymous_29)
FNDA:0,(anonymous_30)
FNDA:0,(anonymous_31)
FNDA:0,(anonymous_32)
FNDA:0,(anonymous_33)
FNDA:0,(anonymous_34)
FNDA:0,(anonymous_35)
FNDA:0,(anonymous_36)
FNDA:0,(anonymous_37)
FNDA:0,(anonymous_38)
DA:22,0
DA:34,0
DA:35,0
DA:36,0
DA:37,0
DA:38,0
DA:46,0
DA:47,0
DA:48,0
DA:55,0
DA:56,0
DA:57,0
DA:60,0
DA:63,0
DA:64,0
DA:65,0
DA:68,0
DA:71,0
DA:72,0
DA:73,0
DA:74,0
DA:76,0
DA:79,0
DA:80,0
DA:83,0
DA:84,0
DA:86,0
DA:89,0
DA:92,0
DA:95,0
DA:97,0
DA:98,0
DA:99,0
DA:100,0
DA:101,0
DA:102,0
DA:104,0
DA:106,0
DA:107,0
DA:108,0
DA:116,0
DA:117,0
DA:118,0
DA:119,0
DA:121,0
DA:123,0
DA:124,0
DA:125,0
DA:126,0
DA:128,0
DA:136,0
DA:139,0
DA:142,0
DA:143,0
DA:144,0
DA:146,0
DA:147,0
DA:148,0
DA:151,0
DA:155,0
DA:156,0
DA:157,0
DA:158,0
DA:170,0
DA:173,0
DA:174,0
DA:175,0
DA:177,0
DA:190,0
DA:191,0
DA:192,0
DA:197,0
DA:198,0
DA:199,0
DA:207,0
DA:208,0
DA:209,0
DA:210,0
DA:211,0
DA:217,0
DA:225,0
DA:226,0
DA:227,0
DA:228,0
DA:230,0
DA:231,0
DA:237,0
DA:245,0
DA:246,0
DA:247,0
DA:248,0
DA:250,0
DA:251,0
DA:258,0
DA:266,0
DA:267,0
DA:297,0
DA:298,0
DA:299,0
DA:302,0
DA:303,0
DA:306,0
DA:307,0
DA:308,0
DA:312,0
DA:313,0
DA:316,0
DA:317,0
DA:320,0
DA:328,0
DA:329,0
DA:330,0
DA:334,0
DA:336,0
DA:338,0
DA:339,0
DA:341,0
DA:342,0
DA:344,0
DA:345,0
DA:354,0
DA:355,0
DA:356,0
DA:357,0
DA:359,0
DA:369,0
DA:370,0
DA:371,0
DA:372,0
DA:374,0
DA:398,0
DA:399,0
DA:402,0
DA:403,0
DA:406,0
DA:407,0
DA:409,0
DA:410,0
DA:422,0
DA:612,0
DA:614,0
DA:615,0
DA:616,0
DA:617,0
DA:618,0
DA:622,0
DA:623,0
DA:624,0
DA:625,0
DA:628,0
DA:629,0
DA:630,0
DA:631,0
DA:639,0
DA:640,0
DA:641,0
DA:644,0
DA:645,0
DA:647,0
DA:649,0
DA:650,0
DA:653,0
DA:654,0
DA:655,0
DA:659,0
DA:661,0
DA:664,0
DA:671,0
DA:672,0
DA:673,0
DA:674,0
DA:681,0
DA:691,0
DA:694,0
DA:695,0
DA:696,0
DA:697,0
LF:177
LH:0
BRDA:21,0,0,0
BRDA:23,1,0,0
BRDA:23,1,1,0
BRDA:25,2,0,0
BRDA:25,2,1,0
BRDA:73,3,0,0
BRDA:73,3,1,0
BRDA:83,4,0,0
BRDA:83,4,1,0
BRDA:118,5,0,0
BRDA:118,5,1,0
BRDA:125,6,0,0
BRDA:125,6,1,0
BRDA:190,7,0,0
BRDA:190,7,1,0
BRDA:209,8,0,0
BRDA:209,8,1,0
BRDA:248,9,0,0
BRDA:248,9,1,0
BRDA:336,10,0,0
BRDA:336,10,1,0
BRDA:336,10,2,0
BRDA:356,11,0,0
BRDA:356,11,1,0
BRDA:380,12,0,0
BRDA:380,12,1,0
BRDA:391,13,0,0
BRDA:391,13,1,0
BRDA:402,14,0,0
BRDA:402,14,1,0
BRDA:406,15,0,0
BRDA:406,15,1,0
BRDA:639,16,0,0
BRDA:639,16,1,0
BRDA:653,17,0,0
BRDA:653,17,1,0
BRDA:683,18,0,0
BRDA:683,18,1,0
BRDA:694,19,0,0
BRDA:694,19,1,0
BRF:40
BRH:0
end_of_record
TN:
SF:src\config\auth.config.js
FN:15,(anonymous_0)
FN:25,(anonymous_1)
FN:48,(anonymous_2)
FN:90,(anonymous_3)
FN:115,(anonymous_4)
FN:151,(anonymous_5)
FN:165,(anonymous_6)
FN:180,(anonymous_7)
FN:214,(anonymous_8)
FN:237,(anonymous_9)
FN:240,(anonymous_10)
FN:245,(anonymous_11)
FN:260,(anonymous_12)
FN:298,(anonymous_13)
FNF:14
FNH:0
FNDA:0,(anonymous_0)
FNDA:0,(anonymous_1)
FNDA:0,(anonymous_2)
FNDA:0,(anonymous_3)
FNDA:0,(anonymous_4)
FNDA:0,(anonymous_5)
FNDA:0,(anonymous_6)
FNDA:0,(anonymous_7)
FNDA:0,(anonymous_8)
FNDA:0,(anonymous_9)
FNDA:0,(anonymous_10)
FNDA:0,(anonymous_11)
FNDA:0,(anonymous_12)
FNDA:0,(anonymous_13)
DA:16,0
DA:17,0
DA:18,0
DA:19,0
DA:26,0
DA:27,0
DA:30,0
DA:33,0
DA:35,0
DA:36,0
DA:38,0
DA:40,0
DA:41,0
DA:50,0
DA:51,0
DA:53,0
DA:54,0
DA:57,0
DA:58,0
DA:59,0
DA:61,0
DA:62,0
DA:63,0
DA:65,0
DA:66,0
DA:67,0
DA:70,0
DA:71,0
DA:72,0
DA:75,0
DA:77,0
DA:78,0
DA:79,0
DA:81,0
DA:82,0
DA:91,0
DA:93,0
DA:94,0
DA:97,0
DA:98,0
DA:101,0
DA:102,0
DA:105,0
DA:108,0
DA:122,0
DA:124,0
DA:125,0
DA:128,0
DA:129,0
DA:132,0
DA:134,0
DA:137,0
DA:138,0
DA:143,0
DA:146,0
DA:151,0
DA:152,0
DA:166,0
DA:186,0
DA:188,0
DA:189,0
DA:192,0
DA:194,0
DA:197,0
DA:198,0
DA:200,0
DA:203,0
DA:207,0
DA:215,0
DA:217,0
DA:218,0
DA:221,0
DA:222,0
DA:223,0
DA:227,0
DA:238,0
DA:240,0
DA:241,0
DA:242,0
DA:245,0
DA:246,0
DA:247,0
DA:250,0
DA:251,0
DA:254,0
DA:261,0
DA:268,0
DA:270,0
DA:272,0
DA:274,0
DA:275,0
DA:277,0
DA:278,0
DA:279,0
DA:280,0
DA:282,0
DA:286,0
DA:289,0
DA:292,0
DA:299,0
DA:344,0
LF:101
LH:0
BRDA:51,0,0,0
BRDA:51,0,1,0
BRDA:53,1,0,0
BRDA:53,1,1,0
BRDA:61,2,0,0
BRDA:61,2,1,0
BRDA:77,3,0,0
BRDA:77,3,1,0
BRDA:91,4,0,0
BRDA:91,4,1,0
BRDA:91,4,2,0
BRDA:91,4,3,0
BRDA:91,4,4,0
BRDA:115,5,0,0
BRDA:117,6,0,0
BRDA:118,7,0,0
BRDA:119,8,0,0
BRDA:120,9,0,0
BRDA:121,10,0,0
BRDA:124,11,0,0
BRDA:124,11,1,0
BRDA:128,12,0,0
BRDA:128,12,1,0
BRDA:128,13,0,0
BRDA:128,13,1,0
BRDA:132,14,0,0
BRDA:132,14,1,0
BRDA:132,14,2,0
BRDA:132,14,3,0
BRDA:137,15,0,0
BRDA:137,15,1,0
BRDA:139,16,0,0
BRDA:139,16,1,0
BRDA:140,17,0,0
BRDA:140,17,1,0
BRDA:147,18,0,0
BRDA:147,18,1,0
BRDA:171,19,0,0
BRDA:171,19,1,0
BRDA:172,20,0,0
BRDA:172,20,1,0
BRDA:180,21,0,0
BRDA:182,22,0,0
BRDA:183,23,0,0
BRDA:184,24,0,0
BRDA:185,25,0,0
BRDA:188,26,0,0
BRDA:188,26,1,0
BRDA:192,27,0,0
BRDA:192,27,1,0
BRDA:192,27,2,0
BRDA:192,27,3,0
BRDA:192,27,4,0
BRDA:197,28,0,0
BRDA:197,28,1,0
BRDA:217,29,0,0
BRDA:217,29,1,0
BRDA:221,30,0,0
BRDA:221,30,1,0
BRDA:222,31,0,0
BRDA:222,31,1,0
BRDA:240,32,0,0
BRDA:240,32,1,0
BRDA:245,33,0,0
BRDA:245,33,1,0
BRDA:250,34,0,0
BRDA:250,34,1,0
BRDA:272,35,0,0
BRDA:272,35,1,0
BRDA:286,36,0,0
BRDA:286,36,1,0
BRDA:286,36,2,0
BRF:72
BRH:0
end_of_record
TN:
SF:src\config\database-optimized.js
FN:14,(anonymous_0)
FN:29,(anonymous_1)
FN:110,(anonymous_2)
FN:117,(anonymous_3)
FN:132,(anonymous_4)
FN:136,(anonymous_5)
FN:150,(anonymous_6)
FN:192,(anonymous_7)
FN:193,(anonymous_8)
FN:238,(anonymous_9)
FN:271,(anonymous_10)
FN:288,(anonymous_11)
FN:291,(anonymous_12)
FN:297,(anonymous_13)
FN:298,(anonymous_14)
FN:310,(anonymous_15)
FN:323,(anonymous_16)
FN:339,(anonymous_17)
FN:366,(anonymous_18)
FN:367,(anonymous_19)
FN:368,(anonymous_20)
FN:369,(anonymous_21)
FNF:22
FNH:0
FNDA:0,(anonymous_0)
FNDA:0,(anonymous_1)
FNDA:0,(anonymous_2)
FNDA:0,(anonymous_3)
FNDA:0,(anonymous_4)
FNDA:0,(anonymous_5)
FNDA:0,(anonymous_6)
FNDA:0,(anonymous_7)
FNDA:0,(anonymous_8)
FNDA:0,(anonymous_9)
FNDA:0,(anonymous_10)
FNDA:0,(anonymous_11)
FNDA:0,(anonymous_12)
FNDA:0,(anonymous_13)
FNDA:0,(anonymous_14)
FNDA:0,(anonymous_15)
FNDA:0,(anonymous_16)
FNDA:0,(anonymous_17)
FNDA:0,(anonymous_18)
FNDA:0,(anonymous_19)
FNDA:0,(anonymous_20)
FNDA:0,(anonymous_21)
DA:15,0
DA:16,0
DA:17,0
DA:18,0
DA:30,0
DA:31,0
DA:34,0
DA:89,0
DA:90,0
DA:91,0
DA:93,0
DA:96,0
DA:99,0
DA:102,0
DA:103,0
DA:111,0
DA:112,0
DA:118,0
DA:119,0
DA:120,0
DA:122,0
DA:123,0
DA:125,0
DA:126,0
DA:128,0
DA:132,0
DA:133,0
DA:136,0
DA:137,0
DA:140,0
DA:142,0
DA:143,0
DA:151,0
DA:157,0
DA:159,0
DA:160,0
DA:163,0
DA:166,0
DA:167,0
DA:170,0
DA:171,0
DA:172,0
DA:173,0
DA:174,0
DA:176,0
DA:179,0
DA:183,0
DA:184,0
DA:185,0
DA:186,0
DA:191,0
DA:192,0
DA:193,0
DA:196,0
DA:197,0
DA:200,0
DA:201,0
DA:204,0
DA:205,0
DA:206,0
DA:208,0
DA:213,0
DA:216,0
DA:217,0
DA:218,0
DA:221,0
DA:224,0
DA:225,0
DA:231,0
DA:239,0
DA:241,0
DA:242,0
DA:243,0
DA:246,0
DA:247,0
DA:248,0
DA:249,0
DA:252,0
DA:253,0
DA:256,0
DA:259,0
DA:260,0
DA:262,0
DA:264,0
DA:272,0
DA:274,0
DA:275,0
DA:276,0
DA:277,0
DA:278,0
DA:279,0
DA:282,0
DA:289,0
DA:290,0
DA:291,0
DA:298,0
DA:299,0
DA:300,0
DA:311,0
DA:324,0
DA:326,0
DA:327,0
DA:328,0
DA:329,0
DA:331,0
DA:340,0
DA:341,0
DA:343,0
DA:344,0
DA:345,0
DA:348,0
DA:349,0
DA:350,0
DA:354,0
DA:355,0
DA:361,0
DA:366,0
DA:367,0
DA:368,0
DA:369,0
LF:120
LH:0
BRDA:35,0,0,0
BRDA:35,0,1,0
BRDA:36,1,0,0
BRDA:36,1,1,0
BRDA:37,2,0,0
BRDA:37,2,1,0
BRDA:38,3,0,0
BRDA:38,3,1,0
BRDA:39,4,0,0
BRDA:39,4,1,0
BRDA:61,5,0,0
BRDA:61,5,1,0
BRDA:113,6,0,0
BRDA:113,6,1,0
BRDA:114,7,0,0
BRDA:114,7,1,0
BRDA:118,8,0,0
BRDA:118,8,1,0
BRDA:118,9,0,0
BRDA:118,9,1,0
BRDA:122,10,0,0
BRDA:122,10,1,0
BRDA:125,11,0,0
BRDA:125,11,1,0
BRDA:150,12,0,0
BRDA:150,13,0,0
BRDA:153,14,0,0
BRDA:154,15,0,0
BRDA:155,16,0,0
BRDA:156,17,0,0
BRDA:166,18,0,0
BRDA:166,18,1,0
BRDA:166,19,0,0
BRDA:166,19,1,0
BRDA:166,19,2,0
BRDA:170,20,0,0
BRDA:170,20,1,0
BRDA:170,21,0,0
BRDA:170,21,1,0
BRDA:173,22,0,0
BRDA:173,22,1,0
BRDA:183,23,0,0
BRDA:183,23,1,0
BRDA:200,24,0,0
BRDA:200,24,1,0
BRDA:200,25,0,0
BRDA:200,25,1,0
BRDA:204,26,0,0
BRDA:204,26,1,0
BRDA:216,27,0,0
BRDA:216,27,1,0
BRDA:238,28,0,0
BRDA:242,29,0,0
BRDA:242,29,1,0
BRDA:248,30,0,0
BRDA:248,30,1,0
BRDA:252,31,0,0
BRDA:252,31,1,0
BRDA:259,32,0,0
BRDA:259,32,1,0
BRDA:275,33,0,0
BRDA:275,33,1,0
BRDA:313,34,0,0
BRDA:313,34,1,0
BRDA:314,35,0,0
BRDA:314,35,1,0
BRDA:326,36,0,0
BRDA:326,36,1,0
BRDA:343,37,0,0
BRDA:343,37,1,0
BRDA:348,38,0,0
BRDA:348,38,1,0
BRF:72
BRH:0
end_of_record
TN:
SF:src\config\database.example.js
FN:7,checkConnection
FN:17,exampleQuery
FN:28,exampleWithSchema
FNF:3
FNH:0
FNDA:0,checkConnection
FNDA:0,exampleQuery
FNDA:0,exampleWithSchema
DA:8,0
DA:9,0
DA:10,0
DA:12,0
DA:18,0
DA:20,0
DA:21,0
DA:23,0
DA:38,0
DA:39,0
DA:40,0
DA:41,0
LF:12
LH:0
BRDA:9,0,0,0
BRDA:9,0,1,0
BRDA:38,1,0,0
BRDA:38,1,1,0
BRF:4
BRH:0
end_of_record
TN:
SF:src\config\database.js
FN:78,testConnection
FN:102,(anonymous_1)
FN:119,(anonymous_2)
FN:133,runMigrations
FN:145,checkConnection
FN:159,getPoolStats
FN:177,closePool
FN:194,batchInsertMovements
FN:209,updateInventoryLevel
FN:211,(anonymous_9)
FN:266,aggregateDailyAnalytics
FN:278,recordMetric
FN:292,recordEvent
FN:306,getInventoryStatusSummary
FNF:14
FNH:0
FNDA:0,testConnection
FNDA:0,(anonymous_1)
FNDA:0,(anonymous_2)
FNDA:0,runMigrations
FNDA:0,checkConnection
FNDA:0,getPoolStats
FNDA:0,closePool
FNDA:0,batchInsertMovements
FNDA:0,updateInventoryLevel
FNDA:0,(anonymous_9)
FNDA:0,aggregateDailyAnalytics
FNDA:0,recordMetric
FNDA:0,recordEvent
FNDA:0,getInventoryStatusSummary
DA:11,0
DA:18,0
DA:20,0
DA:21,0
DA:22,0
DA:23,0
DA:25,0
DA:28,0
DA:31,0
DA:32,0
DA:35,0
DA:36,0
DA:43,0
DA:48,0
DA:52,0
DA:53,0
DA:79,0
DA:82,0
DA:83,0
DA:84,0
DA:85,0
DA:86,0
DA:87,0
DA:88,0
DA:89,0
DA:91,0
DA:92,0
DA:94,0
DA:95,0
DA:99,0
DA:100,0
DA:101,0
DA:102,0
DA:107,0
DA:108,0
DA:112,0
DA:113,0
DA:114,0
DA:115,0
DA:118,0
DA:119,0
DA:120,0
DA:121,0
DA:122,0
DA:123,0
DA:124,0
DA:126,0
DA:127,0
DA:128,0
DA:134,0
DA:135,0
DA:136,0
DA:137,0
DA:139,0
DA:140,0
DA:146,0
DA:147,0
DA:148,0
DA:149,0
DA:150,0
DA:151,0
DA:153,0
DA:154,0
DA:160,0
DA:178,0
DA:179,0
DA:180,0
DA:181,0
DA:185,0
DA:195,0
DA:197,0
DA:210,0
DA:211,0
DA:214,0
DA:215,0
DA:218,0
DA:224,0
DA:227,0
DA:228,0
DA:229,0
DA:231,0
DA:232,0
DA:233,0
DA:236,0
DA:238,0
DA:239,0
DA:240,0
DA:244,0
DA:245,0
DA:246,0
DA:247,0
DA:248,0
DA:250,0
DA:254,0
DA:269,0
DA:279,0
DA:293,0
DA:307,0
DA:311,0
DA:322,0
LF:100
LH:0
BRDA:20,0,0,0
BRDA:20,0,1,0
BRDA:20,1,0,0
BRDA:20,1,1,0
BRDA:31,2,0,0
BRDA:31,2,1,0
BRDA:44,3,0,0
BRDA:44,3,1,0
BRDA:94,4,0,0
BRDA:94,4,1,0
BRDA:94,5,0,0
BRDA:94,5,1,0
BRDA:99,6,0,0
BRDA:99,6,1,0
BRDA:162,7,0,0
BRDA:162,7,1,0
BRDA:163,8,0,0
BRDA:163,8,1,0
BRDA:164,9,0,0
BRDA:164,9,1,0
BRDA:166,10,0,0
BRDA:166,10,1,0
BRDA:167,11,0,0
BRDA:167,11,1,0
BRDA:168,12,0,0
BRDA:168,12,1,0
BRDA:169,13,0,0
BRDA:169,13,1,0
BRDA:172,14,0,0
BRDA:172,14,1,0
BRDA:195,15,0,0
BRDA:195,15,1,0
BRDA:195,16,0,0
BRDA:195,16,1,0
BRDA:214,17,0,0
BRDA:214,17,1,0
BRDA:224,18,0,0
BRDA:224,18,1,0
BRDA:224,18,2,0
BRDA:224,18,3,0
BRDA:224,18,4,0
BRDA:244,19,0,0
BRDA:244,19,1,0
BRDA:245,20,0,0
BRDA:245,20,1,0
BRDA:247,21,0,0
BRDA:247,21,1,0
BRDA:306,22,0,0
BRDA:307,23,0,0
BRDA:307,23,1,0
BRF:50
BRH:0
end_of_record
TN:
SF:src\config\mysql.config.js
FN:28,(anonymous_0)
FN:29,(anonymous_1)
FN:31,(anonymous_2)
FN:86,(anonymous_3)
FN:130,testMysqlConnection
FN:173,(anonymous_5)
FN:183,getMysqlPoolStats
FN:219,runMysqlMigrations
FN:237,checkMysqlHealth
FN:268,closeMysqlPool
FN:285,withMysqlTransaction
FN:306,executeMysqlBatch
FN:328,setupMysqlMonitoring
FN:335,(anonymous_13)
FN:342,(anonymous_14)
FN:364,(anonymous_15)
FN:365,(anonymous_16)
FN:366,(anonymous_17)
FN:367,(anonymous_18)
FN:368,(anonymous_19)
FNF:20
FNH:0
FNDA:0,(anonymous_0)
FNDA:0,(anonymous_1)
FNDA:0,(anonymous_2)
FNDA:0,(anonymous_3)
FNDA:0,testMysqlConnection
FNDA:0,(anonymous_5)
FNDA:0,getMysqlPoolStats
FNDA:0,runMysqlMigrations
FNDA:0,checkMysqlHealth
FNDA:0,closeMysqlPool
FNDA:0,withMysqlTransaction
FNDA:0,executeMysqlBatch
FNDA:0,setupMysqlMonitoring
FNDA:0,(anonymous_13)
FNDA:0,(anonymous_14)
FNDA:0,(anonymous_15)
FNDA:0,(anonymous_16)
FNDA:0,(anonymous_17)
FNDA:0,(anonymous_18)
FNDA:0,(anonymous_19)
DA:8,0
DA:11,0
DA:19,0
DA:28,0
DA:29,0
DA:31,0
DA:32,0
DA:33,0
DA:34,0
DA:35,0
DA:36,0
DA:40,0
DA:82,0
DA:83,0
DA:86,0
DA:87,0
DA:88,0
DA:89,0
DA:92,0
DA:94,0
DA:97,0
DA:103,0
DA:104,0
DA:106,0
DA:107,0
DA:112,0
DA:116,0
DA:117,0
DA:120,0
DA:131,0
DA:132,0
DA:133,0
DA:136,0
DA:139,0
DA:140,0
DA:141,0
DA:143,0
DA:144,0
DA:145,0
DA:147,0
DA:148,0
DA:150,0
DA:151,0
DA:152,0
DA:155,0
DA:156,0
DA:157,0
DA:159,0
DA:161,0
DA:162,0
DA:163,0
DA:164,0
DA:165,0
DA:166,0
DA:170,0
DA:171,0
DA:172,0
DA:173,0
DA:178,0
DA:179,0
DA:184,0
DA:185,0
DA:191,0
DA:220,0
DA:221,0
DA:222,0
DA:225,0
DA:226,0
DA:227,0
DA:228,0
DA:229,0
DA:231,0
DA:232,0
DA:238,0
DA:239,0
DA:246,0
DA:247,0
DA:248,0
DA:249,0
DA:251,0
DA:258,0
DA:269,0
DA:270,0
DA:271,0
DA:274,0
DA:275,0
DA:276,0
DA:277,0
DA:279,0
DA:280,0
DA:286,0
DA:287,0
DA:290,0
DA:291,0
DA:293,0
DA:294,0
DA:295,0
DA:296,0
DA:297,0
DA:299,0
DA:300,0
DA:301,0
DA:307,0
DA:308,0
DA:311,0
DA:312,0
DA:314,0
DA:315,0
DA:316,0
DA:317,0
DA:319,0
DA:320,0
DA:322,0
DA:323,0
DA:329,0
DA:330,0
DA:331,0
DA:335,0
DA:336,0
DA:337,0
DA:338,0
DA:339,0
DA:342,0
DA:343,0
DA:344,0
DA:345,0
DA:347,0
DA:348,0
DA:349,0
DA:353,0
DA:357,0
DA:358,0
DA:362,0
DA:364,0
DA:365,0
DA:366,0
DA:367,0
DA:368,0
LF:138
LH:0
BRDA:32,0,0,0
BRDA:32,0,1,0
BRDA:32,1,0,0
BRDA:32,1,1,0
BRDA:35,2,0,0
BRDA:35,2,1,0
BRDA:35,3,0,0
BRDA:35,3,1,0
BRDA:41,4,0,0
BRDA:41,4,1,0
BRDA:41,4,2,0
BRDA:42,5,0,0
BRDA:42,5,1,0
BRDA:42,6,0,0
BRDA:42,6,1,0
BRDA:43,7,0,0
BRDA:43,7,1,0
BRDA:43,7,2,0
BRDA:44,8,0,0
BRDA:44,8,1,0
BRDA:44,8,2,0
BRDA:45,9,0,0
BRDA:45,9,1,0
BRDA:45,9,2,0
BRDA:48,10,0,0
BRDA:48,10,1,0
BRDA:49,11,0,0
BRDA:49,11,1,0
BRDA:50,12,0,0
BRDA:50,12,1,0
BRDA:51,13,0,0
BRDA:51,13,1,0
BRDA:55,14,0,0
BRDA:55,14,1,0
BRDA:67,15,0,0
BRDA:67,15,1,0
BRDA:87,16,0,0
BRDA:87,16,1,0
BRDA:87,17,0,0
BRDA:87,17,1,0
BRDA:98,18,0,0
BRDA:98,18,1,0
BRDA:131,19,0,0
BRDA:131,19,1,0
BRDA:161,20,0,0
BRDA:161,20,1,0
BRDA:161,21,0,0
BRDA:161,21,1,0
BRDA:163,22,0,0
BRDA:163,22,1,0
BRDA:165,23,0,0
BRDA:165,23,1,0
BRDA:170,24,0,0
BRDA:170,24,1,0
BRDA:184,25,0,0
BRDA:184,25,1,0
BRDA:194,26,0,0
BRDA:194,26,1,0
BRDA:195,27,0,0
BRDA:195,27,1,0
BRDA:196,28,0,0
BRDA:196,28,1,0
BRDA:220,29,0,0
BRDA:220,29,1,0
BRDA:238,30,0,0
BRDA:238,30,1,0
BRDA:269,31,0,0
BRDA:269,31,1,0
BRDA:286,32,0,0
BRDA:286,32,1,0
BRDA:307,33,0,0
BRDA:307,33,1,0
BRDA:316,34,0,0
BRDA:316,34,1,0
BRDA:329,35,0,0
BRDA:329,35,1,0
BRDA:347,36,0,0
BRDA:347,36,1,0
BRDA:357,37,0,0
BRDA:357,37,1,0
BRF:80
BRH:0
end_of_record
TN:
SF:src\config\niledb-optimized.config.js
FN:50,(anonymous_0)
FN:54,(anonymous_1)
FN:81,executeOptimizedQuery
FN:138,getFastDashboardMetrics
FN:141,(anonymous_4)
FN:174,getFastRealTimeData
FN:177,(anonymous_6)
FN:201,getOptimizedAnalytics
FN:204,(anonymous_8)
FN:219,bulkInsertOptimized
FN:235,(anonymous_10)
FN:236,(anonymous_11)
FN:239,(anonymous_12)
FN:239,(anonymous_13)
FN:268,getConnectionHealth
FN:301,optimizeDatabase
FN:350,performMaintenance
FNF:17
FNH:0
FNDA:0,(anonymous_0)
FNDA:0,(anonymous_1)
FNDA:0,executeOptimizedQuery
FNDA:0,getFastDashboardMetrics
FNDA:0,(anonymous_4)
FNDA:0,getFastRealTimeData
FNDA:0,(anonymous_6)
FNDA:0,getOptimizedAnalytics
FNDA:0,(anonymous_8)
FNDA:0,bulkInsertOptimized
FNDA:0,(anonymous_10)
FNDA:0,(anonymous_11)
FNDA:0,(anonymous_12)
FNDA:0,(anonymous_13)
FNDA:0,getConnectionHealth
FNDA:0,optimizeDatabase
FNDA:0,performMaintenance
DA:10,0
DA:13,0
DA:35,0
DA:49,0
DA:50,0
DA:51,0
DA:52,0
DA:54,0
DA:55,0
DA:56,0
DA:60,0
DA:63,0
DA:68,0
DA:82,0
DA:84,0
DA:86,0
DA:87,0
DA:88,0
DA:89,0
DA:90,0
DA:91,0
DA:92,0
DA:93,0
DA:95,0
DA:97,0
DA:102,0
DA:103,0
DA:106,0
DA:107,0
DA:109,0
DA:110,0
DA:111,0
DA:112,0
DA:113,0
DA:117,0
DA:118,0
DA:119,0
DA:121,0
DA:125,0
DA:127,0
DA:128,0
DA:129,0
DA:130,0
DA:139,0
DA:141,0
DA:142,0
DA:143,0
DA:145,0
DA:163,0
DA:165,0
DA:175,0
DA:177,0
DA:178,0
DA:179,0
DA:181,0
DA:190,0
DA:192,0
DA:202,0
DA:204,0
DA:205,0
DA:206,0
DA:208,0
DA:209,0
DA:211,0
DA:220,0
DA:222,0
DA:223,0
DA:224,0
DA:226,0
DA:227,0
DA:230,0
DA:231,0
DA:234,0
DA:235,0
DA:236,0
DA:239,0
DA:241,0
DA:247,0
DA:248,0
DA:251,0
DA:253,0
DA:254,0
DA:256,0
DA:258,0
DA:259,0
DA:261,0
DA:269,0
DA:302,0
DA:304,0
DA:305,0
DA:308,0
DA:309,0
DA:310,0
DA:313,0
DA:320,0
DA:321,0
DA:322,0
DA:323,0
DA:325,0
DA:326,0
DA:332,0
DA:333,0
DA:334,0
DA:336,0
DA:338,0
DA:340,0
DA:341,0
DA:343,0
DA:351,0
DA:353,0
DA:355,0
DA:361,0
DA:362,0
DA:364,0
DA:366,0
DA:372,0
DA:377,0
LF:117
LH:0
BRDA:36,0,0,0
BRDA:36,0,1,0
BRDA:81,1,0,0
BRDA:81,2,0,0
BRDA:86,3,0,0
BRDA:86,3,1,0
BRDA:86,4,0,0
BRDA:86,4,1,0
BRDA:89,5,0,0
BRDA:89,5,1,0
BRDA:109,6,0,0
BRDA:109,6,1,0
BRDA:112,7,0,0
BRDA:112,7,1,0
BRDA:117,8,0,0
BRDA:117,8,1,0
BRDA:117,9,0,0
BRDA:117,9,1,0
BRDA:117,9,2,0
BRDA:138,10,0,0
BRDA:174,11,0,0
BRDA:201,12,0,0
BRDA:201,13,0,0
BRDA:219,14,0,0
BRDA:220,15,0,0
BRDA:220,15,1,0
BRDA:220,16,0,0
BRDA:220,16,1,0
BRDA:248,17,0,0
BRDA:248,17,1,0
BRDA:281,18,0,0
BRDA:281,18,1,0
BRDA:287,19,0,0
BRDA:287,19,1,0
BRDA:291,20,0,0
BRDA:291,20,1,0
BRDA:325,21,0,0
BRDA:325,21,1,0
BRDA:364,22,0,0
BRDA:364,22,1,0
BRDA:368,23,0,0
BRDA:368,23,1,0
BRF:42
BRH:0
end_of_record
TN:
SF:src\config\niledb.config.js
FN:38,testNileConnection
FN:69,getNileConnectionStatus
FN:83,initializeNileDB
FN:166,insertDashboardMetric
FN:185,getDashboardMetrics
FN:215,insertDashboardEvent
FN:234,getDashboardEvents
FN:260,storeRealTimeData
FN:279,getRealTimeData
FN:298,cleanupExpiredData
FN:315,closeNilePool
FNF:11
FNH:0
FNDA:0,testNileConnection
FNDA:0,getNileConnectionStatus
FNDA:0,initializeNileDB
FNDA:0,insertDashboardMetric
FNDA:0,getDashboardMetrics
FNDA:0,insertDashboardEvent
FNDA:0,getDashboardEvents
FNDA:0,storeRealTimeData
FNDA:0,getRealTimeData
FNDA:0,cleanupExpiredData
FNDA:0,closeNilePool
DA:9,0
DA:12,0
DA:23,0
DA:28,0
DA:39,0
DA:40,0
DA:41,0
DA:42,0
DA:44,0
DA:51,0
DA:52,0
DA:54,0
DA:61,0
DA:62,0
DA:70,0
DA:84,0
DA:85,0
DA:87,0
DA:88,0
DA:89,0
DA:92,0
DA:96,0
DA:108,0
DA:121,0
DA:133,0
DA:138,0
DA:143,0
DA:148,0
DA:153,0
DA:154,0
DA:156,0
DA:157,0
DA:159,0
DA:167,0
DA:168,0
DA:169,0
DA:173,0
DA:175,0
DA:176,0
DA:178,0
DA:186,0
DA:187,0
DA:188,0
DA:196,0
DA:203,0
DA:205,0
DA:206,0
DA:208,0
DA:216,0
DA:217,0
DA:218,0
DA:222,0
DA:224,0
DA:225,0
DA:227,0
DA:235,0
DA:236,0
DA:237,0
DA:238,0
DA:240,0
DA:241,0
DA:242,0
DA:245,0
DA:247,0
DA:248,0
DA:250,0
DA:251,0
DA:253,0
DA:261,0
DA:262,0
DA:263,0
DA:267,0
DA:269,0
DA:270,0
DA:272,0
DA:280,0
DA:281,0
DA:282,0
DA:286,0
DA:288,0
DA:289,0
DA:291,0
DA:299,0
DA:300,0
DA:301,0
DA:302,0
DA:303,0
DA:305,0
DA:306,0
DA:308,0
DA:316,0
DA:317,0
DA:318,0
DA:320,0
LF:94
LH:0
BRDA:166,0,0,0
BRDA:166,1,0,0
BRDA:185,2,0,0
BRDA:185,3,0,0
BRDA:188,4,0,0
BRDA:188,4,1,0
BRDA:190,5,0,0
BRDA:190,5,1,0
BRDA:192,6,0,0
BRDA:192,6,1,0
BRDA:215,7,0,0
BRDA:215,8,0,0
BRDA:234,9,0,0
BRDA:234,10,0,0
BRDA:240,11,0,0
BRDA:240,11,1,0
BRDA:260,12,0,0
BRDA:279,13,0,0
BRF:18
BRH:0
end_of_record
TN:
SF:src\config\performance-optimization.config.js
FN:65,initializeRedisClient
FN:79,(anonymous_1)
FN:83,(anonymous_2)
FN:87,(anonymous_3)
FN:166,(anonymous_4)
FN:185,(anonymous_5)
FN:217,(anonymous_6)
FN:222,(anonymous_7)
FN:243,(anonymous_8)
FN:361,(anonymous_9)
FN:367,(anonymous_10)
FN:407,(anonymous_11)
FN:424,(anonymous_12)
FN:445,(anonymous_13)
FN:464,(anonymous_14)
FN:500,(anonymous_15)
FN:516,(anonymous_16)
FN:519,(anonymous_17)
FN:524,(anonymous_18)
FN:528,(anonymous_19)
FN:537,(anonymous_20)
FN:549,(anonymous_21)
FN:576,(anonymous_22)
FN:579,(anonymous_23)
FN:589,(anonymous_24)
FN:590,(anonymous_25)
FN:611,(anonymous_26)
FN:622,(anonymous_27)
FNF:28
FNH:0
FNDA:0,initializeRedisClient
FNDA:0,(anonymous_1)
FNDA:0,(anonymous_2)
FNDA:0,(anonymous_3)
FNDA:0,(anonymous_4)
FNDA:0,(anonymous_5)
FNDA:0,(anonymous_6)
FNDA:0,(anonymous_7)
FNDA:0,(anonymous_8)
FNDA:0,(anonymous_9)
FNDA:0,(anonymous_10)
FNDA:0,(anonymous_11)
FNDA:0,(anonymous_12)
FNDA:0,(anonymous_13)
FNDA:0,(anonymous_14)
FNDA:0,(anonymous_15)
FNDA:0,(anonymous_16)
FNDA:0,(anonymous_17)
FNDA:0,(anonymous_18)
FNDA:0,(anonymous_19)
FNDA:0,(anonymous_20)
FNDA:0,(anonymous_21)
FNDA:0,(anonymous_22)
FNDA:0,(anonymous_23)
FNDA:0,(anonymous_24)
FNDA:0,(anonymous_25)
FNDA:0,(anonymous_26)
FNDA:0,(anonymous_27)
DA:15,0
DA:29,0
DA:30,0
DA:36,0
DA:66,0
DA:67,0
DA:79,0
DA:80,0
DA:83,0
DA:84,0
DA:87,0
DA:88,0
DA:91,0
DA:94,0
DA:102,0
DA:103,0
DA:105,0
DA:106,0
DA:114,0
DA:164,0
DA:167,0
DA:168,0
DA:170,0
DA:187,0
DA:188,0
DA:196,0
DA:198,0
DA:206,0
DA:218,0
DA:223,0
DA:224,0
DA:236,0
DA:244,0
DA:252,0
DA:275,0
DA:330,0
DA:362,0
DA:363,0
DA:364,0
DA:369,0
DA:370,0
DA:371,0
DA:372,0
DA:373,0
DA:374,0
DA:376,0
DA:381,0
DA:382,0
DA:383,0
DA:384,0
DA:385,0
DA:386,0
DA:389,0
DA:394,0
DA:395,0
DA:398,0
DA:402,0
DA:403,0
DA:404,0
DA:409,0
DA:415,0
DA:416,0
DA:417,0
DA:419,0
DA:426,0
DA:427,0
DA:428,0
DA:433,0
DA:434,0
DA:435,0
DA:436,0
DA:437,0
DA:440,0
DA:446,0
DA:457,0
DA:465,0
DA:496,0
DA:497,0
DA:501,0
DA:502,0
DA:503,0
DA:505,0
DA:509,0
DA:510,0
DA:511,0
DA:514,0
DA:515,0
DA:516,0
DA:519,0
DA:520,0
DA:521,0
DA:525,0
DA:529,0
DA:530,0
DA:538,0
DA:540,0
DA:550,0
DA:552,0
DA:553,0
DA:556,0
DA:557,0
DA:560,0
DA:561,0
DA:564,0
DA:569,0
DA:576,0
DA:577,0
DA:579,0
DA:580,0
DA:581,0
DA:582,0
DA:585,0
DA:589,0
DA:590,0
DA:591,0
DA:592,0
DA:595,0
DA:597,0
DA:598,0
DA:599,0
DA:600,0
DA:601,0
DA:604,0
DA:608,0
DA:611,0
DA:612,0
DA:613,0
DA:614,0
DA:617,0
DA:622,0
DA:623,0
DA:624,0
DA:627,0
DA:628,0
DA:629,0
DA:630,0
DA:632,0
DA:633,0
DA:634,0
DA:636,0
DA:637,0
DA:638,0
DA:639,0
DA:641,0
LF:144
LH:0
BRDA:37,0,0,0
BRDA:37,0,1,0
BRDA:38,1,0,0
BRDA:38,1,1,0
BRDA:39,2,0,0
BRDA:39,2,1,0
BRDA:167,3,0,0
BRDA:167,3,1,0
BRDA:188,4,0,0
BRDA:188,4,1,0
BRDA:188,5,0,0
BRDA:188,5,1,0
BRDA:188,5,2,0
BRDA:188,5,3,0
BRDA:188,5,4,0
BRDA:188,5,5,0
BRDA:188,5,6,0
BRDA:218,6,0,0
BRDA:218,6,1,0
BRDA:223,7,0,0
BRDA:223,7,1,0
BRDA:244,8,0,0
BRDA:244,8,1,0
BRDA:244,8,2,0
BRDA:369,9,0,0
BRDA:369,9,1,0
BRDA:372,10,0,0
BRDA:372,10,1,0
BRDA:381,11,0,0
BRDA:381,11,1,0
BRDA:384,12,0,0
BRDA:384,12,1,0
BRDA:407,13,0,0
BRDA:415,14,0,0
BRDA:415,14,1,0
BRDA:427,15,0,0
BRDA:427,15,1,0
BRDA:433,16,0,0
BRDA:433,16,1,0
BRDA:436,17,0,0
BRDA:436,17,1,0
BRDA:500,18,0,0
BRDA:502,19,0,0
BRDA:502,19,1,0
BRDA:510,20,0,0
BRDA:510,20,1,0
BRDA:552,21,0,0
BRDA:552,21,1,0
BRDA:556,22,0,0
BRDA:556,22,1,0
BRDA:560,23,0,0
BRDA:560,23,1,0
BRDA:589,24,0,0
BRDA:591,25,0,0
BRDA:591,25,1,0
BRDA:595,26,0,0
BRDA:595,26,1,0
BRDA:599,27,0,0
BRDA:599,27,1,0
BRDA:623,28,0,0
BRDA:623,28,1,0
BRDA:628,29,0,0
BRDA:628,29,1,0
BRDA:636,30,0,0
BRDA:636,30,1,0
BRDA:643,31,0,0
BRDA:643,31,1,0
BRF:67
BRH:0
end_of_record
TN:
SF:src\config\redis.js
FN:30,(anonymous_0)
FN:39,(anonymous_1)
FN:43,(anonymous_2)
FN:47,(anonymous_3)
FN:51,(anonymous_4)
FN:68,(anonymous_5)
FN:73,(anonymous_6)
FN:78,(anonymous_7)
FN:91,(anonymous_8)
FN:103,(anonymous_9)
FN:115,(anonymous_10)
FN:127,(anonymous_11)
FN:139,(anonymous_12)
FN:155,(anonymous_13)
FN:158,(anonymous_14)
FN:168,(anonymous_15)
FN:173,(anonymous_16)
FN:178,(anonymous_17)
FN:187,closeRedisConnection
FN:199,(anonymous_19)
FN:203,(anonymous_20)
FNF:21
FNH:0
FNDA:0,(anonymous_0)
FNDA:0,(anonymous_1)
FNDA:0,(anonymous_2)
FNDA:0,(anonymous_3)
FNDA:0,(anonymous_4)
FNDA:0,(anonymous_5)
FNDA:0,(anonymous_6)
FNDA:0,(anonymous_7)
FNDA:0,(anonymous_8)
FNDA:0,(anonymous_9)
FNDA:0,(anonymous_10)
FNDA:0,(anonymous_11)
FNDA:0,(anonymous_12)
FNDA:0,(anonymous_13)
FNDA:0,(anonymous_14)
FNDA:0,(anonymous_15)
FNDA:0,(anonymous_16)
FNDA:0,(anonymous_17)
FNDA:0,closeRedisConnection
FNDA:0,(anonymous_19)
FNDA:0,(anonymous_20)
DA:5,0
DA:8,0
DA:28,0
DA:30,0
DA:31,0
DA:32,0
DA:35,0
DA:36,0
DA:39,0
DA:40,0
DA:43,0
DA:44,0
DA:47,0
DA:48,0
DA:51,0
DA:52,0
DA:56,0
DA:58,0
DA:60,0
DA:62,0
DA:69,0
DA:70,0
DA:74,0
DA:75,0
DA:79,0
DA:81,0
DA:82,0
DA:83,0
DA:84,0
DA:86,0
DA:87,0
DA:92,0
DA:94,0
DA:95,0
DA:96,0
DA:98,0
DA:99,0
DA:104,0
DA:106,0
DA:107,0
DA:108,0
DA:110,0
DA:111,0
DA:116,0
DA:118,0
DA:119,0
DA:120,0
DA:122,0
DA:123,0
DA:128,0
DA:130,0
DA:131,0
DA:132,0
DA:134,0
DA:135,0
DA:140,0
DA:142,0
DA:143,0
DA:144,0
DA:145,0
DA:147,0
DA:149,0
DA:150,0
DA:156,0
DA:159,0
DA:160,0
DA:163,0
DA:164,0
DA:169,0
DA:170,0
DA:174,0
DA:175,0
DA:179,0
DA:184,0
DA:188,0
DA:189,0
DA:190,0
DA:191,0
DA:193,0
DA:199,0
DA:200,0
DA:203,0
DA:204,0
LF:83
LH:0
BRDA:9,0,0,0
BRDA:9,0,1,0
BRDA:11,1,0,0
BRDA:11,1,1,0
BRDA:12,2,0,0
BRDA:12,2,1,0
BRDA:13,3,0,0
BRDA:13,3,1,0
BRDA:17,4,0,0
BRDA:17,4,1,0
BRDA:17,4,2,0
BRDA:20,5,0,0
BRDA:20,5,1,0
BRDA:23,6,0,0
BRDA:23,6,1,0
BRDA:31,7,0,0
BRDA:31,7,1,0
BRDA:31,8,0,0
BRDA:31,8,1,0
BRDA:70,9,0,0
BRDA:70,9,1,0
BRDA:78,10,0,0
BRDA:79,11,0,0
BRDA:79,11,1,0
BRDA:92,12,0,0
BRDA:92,12,1,0
BRDA:96,13,0,0
BRDA:96,13,1,0
BRDA:104,14,0,0
BRDA:104,14,1,0
BRDA:116,15,0,0
BRDA:116,15,1,0
BRDA:128,16,0,0
BRDA:128,16,1,0
BRDA:140,17,0,0
BRDA:140,17,1,0
BRDA:144,18,0,0
BRDA:144,18,1,0
BRDA:173,19,0,0
BRDA:188,20,0,0
BRDA:188,20,1,0
BRDA:188,21,0,0
BRDA:188,21,1,0
BRF:43
BRH:0
end_of_record
TN:
SF:src\config\security.config.js
FN:29,(anonymous_0)
FN:43,(anonymous_1)
FN:70,(anonymous_2)
FN:101,(anonymous_3)
FN:145,(anonymous_4)
FN:180,(anonymous_5)
FN:199,(anonymous_6)
FN:220,(anonymous_7)
FN:248,(anonymous_8)
FN:283,(anonymous_9)
FN:325,(anonymous_10)
FN:354,(anonymous_11)
FN:387,(anonymous_12)
FNF:13
FNH:0
FNDA:0,(anonymous_0)
FNDA:0,(anonymous_1)
FNDA:0,(anonymous_2)
FNDA:0,(anonymous_3)
FNDA:0,(anonymous_4)
FNDA:0,(anonymous_5)
FNDA:0,(anonymous_6)
FNDA:0,(anonymous_7)
FNDA:0,(anonymous_8)
FNDA:0,(anonymous_9)
FNDA:0,(anonymous_10)
FNDA:0,(anonymous_11)
FNDA:0,(anonymous_12)
DA:30,0
DA:31,0
DA:44,0
DA:45,0
DA:48,0
DA:49,0
DA:50,0
DA:51,0
DA:52,0
DA:55,0
DA:57,0
DA:58,0
DA:60,0
DA:62,0
DA:63,0
DA:71,0
DA:74,0
DA:77,0
DA:80,0
DA:83,0
DA:86,0
DA:89,0
DA:90,0
DA:93,0
DA:95,0
DA:102,0
DA:146,0
DA:148,0
DA:158,0
DA:160,0
DA:163,0
DA:166,0
DA:169,0
DA:170,0
DA:173,0
DA:174,0
DA:177,0
DA:180,0
DA:182,0
DA:183,0
DA:185,0
DA:188,0
DA:191,0
DA:192,0
DA:200,0
DA:201,0
DA:202,0
DA:203,0
DA:204,0
DA:208,0
DA:209,0
DA:210,0
DA:212,0
DA:213,0
DA:221,0
DA:249,0
DA:250,0
DA:253,0
DA:254,0
DA:255,0
DA:260,0
DA:262,0
DA:266,0
DA:268,0
DA:271,0
DA:272,0
DA:275,0
DA:276,0
DA:284,0
DA:285,0
DA:288,0
DA:295,0
DA:298,0
DA:299,0
DA:302,0
DA:303,0
DA:306,0
DA:307,0
DA:310,0
DA:311,0
DA:314,0
DA:317,0
DA:318,0
DA:326,0
DA:327,0
DA:336,0
DA:342,0
DA:343,0
DA:346,0
DA:347,0
DA:355,0
DA:356,0
DA:375,0
DA:376,0
DA:379,0
DA:380,0
DA:388,0
DA:389,0
DA:391,0
DA:397,0
DA:400,0
DA:401,0
DA:407,0
LF:103
LH:0
BRDA:182,0,0,0
BRDA:182,0,1,0
BRDA:202,1,0,0
BRDA:202,1,1,0
BRDA:253,2,0,0
BRDA:253,2,1,0
BRDA:260,3,0,0
BRDA:260,3,1,0
BRDA:266,4,0,0
BRDA:266,4,1,0
BRDA:283,5,0,0
BRDA:295,6,0,0
BRDA:295,6,1,0
BRDA:295,6,2,0
BRDA:295,6,3,0
BRDA:325,7,0,0
BRDA:354,8,0,0
BRF:17
BRH:0
end_of_record
TN:
SF:src\controllers\auth.controller.js
FN:4,(anonymous_0)
FN:30,(anonymous_1)
FN:54,(anonymous_2)
FN:73,(anonymous_3)
FNF:4
FNH:0
FNDA:0,(anonymous_0)
FNDA:0,(anonymous_1)
FNDA:0,(anonymous_2)
FNDA:0,(anonymous_3)
DA:4,0
DA:5,0
DA:7,0
DA:10,0
DA:11,0
DA:13,0
DA:15,0
DA:21,0
DA:22,0
DA:30,0
DA:31,0
DA:33,0
DA:36,0
DA:37,0
DA:39,0
DA:45,0
DA:46,0
DA:54,0
DA:55,0
DA:57,0
DA:59,0
DA:64,0
DA:65,0
DA:73,0
DA:74,0
DA:76,0
DA:78,0
DA:83,0
DA:84,0
LF:29
LH:0
BRF:0
BRH:0
end_of_record
TN:
SF:src\db\customer-queries.js
FN:11,createCustomer
FN:29,getCustomerById
FN:40,getCustomerByCode
FN:51,getAllCustomers
FN:65,searchCustomers
FN:85,updateCustomer
FN:99,updateCustomerMetadata
FN:128,addPurchaseToHistory
FN:160,deleteCustomer
FN:170,getCustomersByMetadataField
FN:182,getHighValueCustomers
FN:193,getTotalCustomersCount
FN:206,processSale
FN:215,(anonymous_13)
FN:293,(anonymous_14)
FN:314,reserveStockForCustomer
FN:317,(anonymous_16)
FN:370,releaseCustomerReservation
FN:373,(anonymous_18)
FN:426,getCustomerSalesVelocity
FN:476,getCustomerBackorders
FN:518,calculatePurchaseFrequency
FN:579,calculateAverageOrderValue
FN:617,(anonymous_23)
FN:618,(anonymous_24)
FN:623,(anonymous_25)
FN:623,(anonymous_26)
FN:649,calculateCustomerLifetimeValue
FN:744,calculateChurnPredictionIndicators
FN:844,performCustomerSegmentation
FN:882,(anonymous_30)
FN:893,(anonymous_31)
FN:893,(anonymous_32)
FN:893,(anonymous_33)
FN:894,(anonymous_34)
FN:894,(anonymous_35)
FN:894,(anonymous_36)
FN:915,(anonymous_37)
FN:1004,analyzePurchasePatterns
FN:1104,(anonymous_39)
FN:1119,getCustomersAnalyticsOverview
FN:1154,getTopCustomersByValue
FN:1199,getRecentCustomerActivity
FN:1226,getHighChurnRiskCustomers
FN:1248,(anonymous_44)
FN:1270,(anonymous_45)
FN:1271,(anonymous_46)
FNF:47
FNH:0
FNDA:0,createCustomer
FNDA:0,getCustomerById
FNDA:0,getCustomerByCode
FNDA:0,getAllCustomers
FNDA:0,searchCustomers
FNDA:0,updateCustomer
FNDA:0,updateCustomerMetadata
FNDA:0,addPurchaseToHistory
FNDA:0,deleteCustomer
FNDA:0,getCustomersByMetadataField
FNDA:0,getHighValueCustomers
FNDA:0,getTotalCustomersCount
FNDA:0,processSale
FNDA:0,(anonymous_13)
FNDA:0,(anonymous_14)
FNDA:0,reserveStockForCustomer
FNDA:0,(anonymous_16)
FNDA:0,releaseCustomerReservation
FNDA:0,(anonymous_18)
FNDA:0,getCustomerSalesVelocity
FNDA:0,getCustomerBackorders
FNDA:0,calculatePurchaseFrequency
FNDA:0,calculateAverageOrderValue
FNDA:0,(anonymous_23)
FNDA:0,(anonymous_24)
FNDA:0,(anonymous_25)
FNDA:0,(anonymous_26)
FNDA:0,calculateCustomerLifetimeValue
FNDA:0,calculateChurnPredictionIndicators
FNDA:0,performCustomerSegmentation
FNDA:0,(anonymous_30)
FNDA:0,(anonymous_31)
FNDA:0,(anonymous_32)
FNDA:0,(anonymous_33)
FNDA:0,(anonymous_34)
FNDA:0,(anonymous_35)
FNDA:0,(anonymous_36)
FNDA:0,(anonymous_37)
FNDA:0,analyzePurchasePatterns
FNDA:0,(anonymous_39)
FNDA:0,getCustomersAnalyticsOverview
FNDA:0,getTopCustomersByValue
FNDA:0,getRecentCustomerActivity
FNDA:0,getHighChurnRiskCustomers
FNDA:0,(anonymous_44)
FNDA:0,(anonymous_45)
FNDA:0,(anonymous_46)
DA:12,0
DA:25,0
DA:30,0
DA:36,0
DA:41,0
DA:47,0
DA:52,0
DA:54,0
DA:61,0
DA:66,0
DA:68,0
DA:81,0
DA:86,0
DA:95,0
DA:100,0
DA:106,0
DA:107,0
DA:110,0
DA:115,0
DA:124,0
DA:129,0
DA:135,0
DA:136,0
DA:139,0
DA:141,0
DA:147,0
DA:156,0
DA:161,0
DA:166,0
DA:172,0
DA:178,0
DA:183,0
DA:189,0
DA:194,0
DA:198,0
DA:213,0
DA:215,0
DA:216,0
DA:217,0
DA:219,0
DA:220,0
DA:221,0
DA:222,0
DA:225,0
DA:236,0
DA:237,0
DA:240,0
DA:242,0
DA:243,0
DA:247,0
DA:248,0
DA:250,0
DA:264,0
DA:284,0
DA:288,0
DA:293,0
DA:301,0
DA:303,0
DA:317,0
DA:318,0
DA:320,0
DA:321,0
DA:324,0
DA:335,0
DA:336,0
DA:339,0
DA:340,0
DA:344,0
DA:354,0
DA:363,0
DA:373,0
DA:374,0
DA:376,0
DA:377,0
DA:380,0
DA:391,0
DA:392,0
DA:395,0
DA:396,0
DA:400,0
DA:410,0
DA:419,0
DA:431,0
DA:433,0
DA:438,0
DA:439,0
DA:442,0
DA:443,0
DA:446,0
DA:447,0
DA:450,0
DA:470,0
DA:479,0
DA:480,0
DA:481,0
DA:485,0
DA:505,0
DA:522,0
DA:524,0
DA:525,0
DA:526,0
DA:529,0
DA:534,0
DA:535,0
DA:538,0
DA:539,0
DA:543,0
DA:568,0
DA:583,0
DA:585,0
DA:586,0
DA:587,0
DA:590,0
DA:595,0
DA:596,0
DA:599,0
DA:600,0
DA:604,0
DA:616,0
DA:617,0
DA:618,0
DA:619,0
DA:620,0
DA:623,0
DA:624,0
DA:630,0
DA:650,0
DA:651,0
DA:652,0
DA:656,0
DA:695,0
DA:696,0
DA:697,0
DA:698,0
DA:699,0
DA:702,0
DA:705,0
DA:706,0
DA:709,0
DA:710,0
DA:713,0
DA:714,0
DA:715,0
DA:716,0
DA:718,0
DA:745,0
DA:746,0
DA:747,0
DA:751,0
DA:774,0
DA:775,0
DA:776,0
DA:779,0
DA:780,0
DA:781,0
DA:782,0
DA:785,0
DA:786,0
DA:787,0
DA:789,0
DA:790,0
DA:792,0
DA:793,0
DA:794,0
DA:795,0
DA:796,0
DA:797,0
DA:798,0
DA:799,0
DA:800,0
DA:805,0
DA:806,0
DA:807,0
DA:808,0
DA:809,0
DA:810,0
DA:813,0
DA:814,0
DA:815,0
DA:819,0
DA:820,0
DA:821,0
DA:823,0
DA:846,0
DA:882,0
DA:893,0
DA:894,0
DA:896,0
DA:897,0
DA:898,0
DA:901,0
DA:915,0
DA:916,0
DA:919,0
DA:920,0
DA:921,0
DA:922,0
DA:923,0
DA:924,0
DA:927,0
DA:928,0
DA:929,0
DA:930,0
DA:931,0
DA:934,0
DA:935,0
DA:936,0
DA:937,0
DA:938,0
DA:941,0
DA:943,0
DA:952,0
DA:953,0
DA:954,0
DA:955,0
DA:956,0
DA:957,0
DA:958,0
DA:959,0
DA:960,0
DA:961,0
DA:962,0
DA:963,0
DA:964,0
DA:965,0
DA:966,0
DA:967,0
DA:968,0
DA:969,0
DA:970,0
DA:971,0
DA:973,0
DA:977,0
DA:1009,0
DA:1011,0
DA:1013,0
DA:1014,0
DA:1017,0
DA:1018,0
DA:1021,0
DA:1022,0
DA:1027,0
DA:1029,0
DA:1030,0
DA:1034,0
DA:1036,0
DA:1037,0
DA:1041,0
DA:1043,0
DA:1044,0
DA:1048,0
DA:1050,0
DA:1051,0
DA:1055,0
DA:1057,0
DA:1058,0
DA:1063,0
DA:1065,0
DA:1066,0
DA:1072,0
DA:1099,0
DA:1104,0
DA:1124,0
DA:1132,0
DA:1139,0
DA:1155,0
DA:1157,0
DA:1159,0
DA:1160,0
DA:1163,0
DA:1164,0
DA:1167,0
DA:1200,0
DA:1227,0
DA:1247,0
DA:1249,0
DA:1252,0
DA:1253,0
DA:1256,0
DA:1257,0
DA:1258,0
DA:1259,0
DA:1261,0
DA:1270,0
DA:1271,0
DA:1274,0
LF:286
LH:0
BRDA:20,0,0,0
BRDA:20,0,1,0
BRDA:21,1,0,0
BRDA:21,1,1,0
BRDA:51,2,0,0
BRDA:51,3,0,0
BRDA:65,4,0,0
BRDA:65,5,0,0
BRDA:106,6,0,0
BRDA:106,6,1,0
BRDA:111,7,0,0
BRDA:111,7,1,0
BRDA:135,8,0,0
BRDA:135,8,1,0
BRDA:139,9,0,0
BRDA:139,9,1,0
BRDA:142,10,0,0
BRDA:142,10,1,0
BRDA:143,11,0,0
BRDA:143,11,1,0
BRDA:143,12,0,0
BRDA:143,12,1,0
BRDA:144,13,0,0
BRDA:144,13,1,0
BRDA:182,14,0,0
BRDA:212,15,0,0
BRDA:236,16,0,0
BRDA:236,16,1,0
BRDA:242,17,0,0
BRDA:242,17,1,0
BRDA:256,18,0,0
BRDA:256,18,1,0
BRDA:257,19,0,0
BRDA:257,19,1,0
BRDA:257,20,0,0
BRDA:257,20,1,0
BRDA:278,21,0,0
BRDA:278,21,1,0
BRDA:335,22,0,0
BRDA:335,22,1,0
BRDA:339,23,0,0
BRDA:339,23,1,0
BRDA:391,24,0,0
BRDA:391,24,1,0
BRDA:395,25,0,0
BRDA:395,25,1,0
BRDA:426,26,0,0
BRDA:428,27,0,0
BRDA:429,28,0,0
BRDA:430,29,0,0
BRDA:438,30,0,0
BRDA:438,30,1,0
BRDA:442,31,0,0
BRDA:442,31,1,0
BRDA:446,32,0,0
BRDA:446,32,1,0
BRDA:480,33,0,0
BRDA:480,33,1,0
BRDA:518,34,0,0
BRDA:520,35,0,0
BRDA:521,36,0,0
BRDA:525,37,0,0
BRDA:525,37,1,0
BRDA:534,38,0,0
BRDA:534,38,1,0
BRDA:538,39,0,0
BRDA:538,39,1,0
BRDA:579,40,0,0
BRDA:581,41,0,0
BRDA:582,42,0,0
BRDA:586,43,0,0
BRDA:586,43,1,0
BRDA:595,44,0,0
BRDA:595,44,1,0
BRDA:599,45,0,0
BRDA:599,45,1,0
BRDA:617,46,0,0
BRDA:617,46,1,0
BRDA:618,47,0,0
BRDA:618,47,1,0
BRDA:619,48,0,0
BRDA:619,48,1,0
BRDA:620,49,0,0
BRDA:620,49,1,0
BRDA:623,50,0,0
BRDA:623,50,1,0
BRDA:624,51,0,0
BRDA:624,51,1,0
BRDA:625,52,0,0
BRDA:625,52,1,0
BRDA:640,53,0,0
BRDA:640,53,1,0
BRDA:641,54,0,0
BRDA:641,54,1,0
BRDA:651,55,0,0
BRDA:651,55,1,0
BRDA:695,56,0,0
BRDA:695,56,1,0
BRDA:696,57,0,0
BRDA:696,57,1,0
BRDA:697,58,0,0
BRDA:697,58,1,0
BRDA:698,59,0,0
BRDA:698,59,1,0
BRDA:699,60,0,0
BRDA:699,60,1,0
BRDA:702,61,0,0
BRDA:702,61,1,0
BRDA:702,62,0,0
BRDA:702,62,1,0
BRDA:705,63,0,0
BRDA:705,63,1,0
BRDA:714,64,0,0
BRDA:714,64,1,0
BRDA:715,65,0,0
BRDA:715,65,1,0
BRDA:716,66,0,0
BRDA:716,66,1,0
BRDA:746,67,0,0
BRDA:746,67,1,0
BRDA:774,68,0,0
BRDA:774,68,1,0
BRDA:775,69,0,0
BRDA:775,69,1,0
BRDA:776,70,0,0
BRDA:776,70,1,0
BRDA:779,71,0,0
BRDA:779,71,1,0
BRDA:780,72,0,0
BRDA:780,72,1,0
BRDA:781,73,0,0
BRDA:781,73,1,0
BRDA:782,74,0,0
BRDA:782,74,1,0
BRDA:789,75,0,0
BRDA:789,75,1,0
BRDA:789,76,0,0
BRDA:789,76,1,0
BRDA:792,77,0,0
BRDA:792,77,1,0
BRDA:795,78,0,0
BRDA:795,78,1,0
BRDA:798,79,0,0
BRDA:798,79,1,0
BRDA:805,80,0,0
BRDA:805,80,1,0
BRDA:805,81,0,0
BRDA:805,81,1,0
BRDA:808,82,0,0
BRDA:808,82,1,0
BRDA:813,83,0,0
BRDA:813,83,1,0
BRDA:813,84,0,0
BRDA:813,84,1,0
BRDA:819,85,0,0
BRDA:819,85,1,0
BRDA:820,86,0,0
BRDA:820,86,1,0
BRDA:821,87,0,0
BRDA:821,87,1,0
BRDA:884,88,0,0
BRDA:884,88,1,0
BRDA:885,89,0,0
BRDA:885,89,1,0
BRDA:886,90,0,0
BRDA:886,90,1,0
BRDA:887,91,0,0
BRDA:887,91,1,0
BRDA:888,92,0,0
BRDA:888,92,1,0
BRDA:896,93,0,0
BRDA:896,93,1,0
BRDA:897,94,0,0
BRDA:897,94,1,0
BRDA:898,95,0,0
BRDA:898,95,1,0
BRDA:920,96,0,0
BRDA:920,96,1,0
BRDA:921,97,0,0
BRDA:921,97,1,0
BRDA:922,98,0,0
BRDA:922,98,1,0
BRDA:923,99,0,0
BRDA:923,99,1,0
BRDA:924,100,0,0
BRDA:924,100,1,0
BRDA:928,101,0,0
BRDA:928,101,1,0
BRDA:929,102,0,0
BRDA:929,102,1,0
BRDA:930,103,0,0
BRDA:930,103,1,0
BRDA:931,104,0,0
BRDA:931,104,1,0
BRDA:935,105,0,0
BRDA:935,105,1,0
BRDA:936,106,0,0
BRDA:936,106,1,0
BRDA:937,107,0,0
BRDA:937,107,1,0
BRDA:938,108,0,0
BRDA:938,108,1,0
BRDA:952,109,0,0
BRDA:952,109,1,0
BRDA:952,110,0,0
BRDA:952,110,1,0
BRDA:952,110,2,0
BRDA:954,111,0,0
BRDA:954,111,1,0
BRDA:954,112,0,0
BRDA:954,112,1,0
BRDA:954,112,2,0
BRDA:956,113,0,0
BRDA:956,113,1,0
BRDA:956,114,0,0
BRDA:956,114,1,0
BRDA:956,114,2,0
BRDA:958,115,0,0
BRDA:958,115,1,0
BRDA:958,116,0,0
BRDA:958,116,1,0
BRDA:960,117,0,0
BRDA:960,117,1,0
BRDA:960,118,0,0
BRDA:960,118,1,0
BRDA:960,118,2,0
BRDA:962,119,0,0
BRDA:962,119,1,0
BRDA:962,120,0,0
BRDA:962,120,1,0
BRDA:964,121,0,0
BRDA:964,121,1,0
BRDA:964,122,0,0
BRDA:964,122,1,0
BRDA:966,123,0,0
BRDA:966,123,1,0
BRDA:966,124,0,0
BRDA:966,124,1,0
BRDA:966,124,2,0
BRDA:968,125,0,0
BRDA:968,125,1,0
BRDA:968,126,0,0
BRDA:968,126,1,0
BRDA:970,127,0,0
BRDA:970,127,1,0
BRDA:970,128,0,0
BRDA:970,128,1,0
BRDA:1004,129,0,0
BRDA:1004,130,0,0
BRDA:1006,131,0,0
BRDA:1007,132,0,0
BRDA:1008,133,0,0
BRDA:1013,134,0,0
BRDA:1013,134,1,0
BRDA:1017,135,0,0
BRDA:1017,135,1,0
BRDA:1021,136,0,0
BRDA:1021,136,1,0
BRDA:1027,137,0,0
BRDA:1027,137,1,0
BRDA:1027,137,2,0
BRDA:1027,137,3,0
BRDA:1027,137,4,0
BRDA:1027,137,5,0
BRDA:1106,138,0,0
BRDA:1106,138,1,0
BRDA:1107,139,0,0
BRDA:1107,139,1,0
BRDA:1108,140,0,0
BRDA:1108,140,1,0
BRDA:1109,141,0,0
BRDA:1109,141,1,0
BRDA:1110,142,0,0
BRDA:1110,142,1,0
BRDA:1111,143,0,0
BRDA:1111,143,1,0
BRDA:1119,144,0,0
BRDA:1121,145,0,0
BRDA:1122,146,0,0
BRDA:1123,147,0,0
BRDA:1154,148,0,0
BRDA:1154,149,0,0
BRDA:1155,150,0,0
BRDA:1155,151,0,0
BRDA:1159,152,0,0
BRDA:1159,152,1,0
BRDA:1163,153,0,0
BRDA:1163,153,1,0
BRDA:1199,154,0,0
BRDA:1226,155,0,0
BRDA:1249,156,0,0
BRDA:1249,156,1,0
BRDA:1252,157,0,0
BRDA:1252,157,1,0
BRDA:1253,158,0,0
BRDA:1253,158,1,0
BRDA:1253,159,0,0
BRDA:1253,159,1,0
BRDA:1257,160,0,0
BRDA:1257,160,1,0
BRDA:1258,161,0,0
BRDA:1258,161,1,0
BRDA:1259,162,0,0
BRDA:1259,162,1,0
BRDA:1267,163,0,0
BRDA:1267,163,1,0
BRDA:1267,164,0,0
BRDA:1267,164,1,0
BRF:308
BRH:0
end_of_record
TN:
SF:src\db\data-import-queries.js
FN:21,batchInsertWithConflictResolution
FN:100,checkRecordExists
FN:104,(anonymous_2)
FN:126,importCustomers
FN:130,(anonymous_4)
FN:158,(anonymous_5)
FN:178,importSuppliers
FN:181,(anonymous_7)
FN:229,importProducts
FN:232,(anonymous_9)
FN:279,importInventory
FN:347,importPurchaseOrders
FN:478,validateImportedData
FN:543,getImportSummary
FNF:14
FNH:0
FNDA:0,batchInsertWithConflictResolution
FNDA:0,checkRecordExists
FNDA:0,(anonymous_2)
FNDA:0,importCustomers
FNDA:0,(anonymous_4)
FNDA:0,(anonymous_5)
FNDA:0,importSuppliers
FNDA:0,(anonymous_7)
FNDA:0,importProducts
FNDA:0,(anonymous_9)
FNDA:0,importInventory
FNDA:0,importPurchaseOrders
FNDA:0,validateImportedData
FNDA:0,getImportSummary
DA:22,0
DA:24,0
DA:33,0
DA:35,0
DA:36,0
DA:38,0
DA:39,0
DA:41,0
DA:47,0
DA:48,0
DA:49,0
DA:51,0
DA:52,0
DA:53,0
DA:54,0
DA:55,0
DA:59,0
DA:61,0
DA:62,0
DA:65,0
DA:66,0
DA:74,0
DA:75,0
DA:82,0
DA:84,0
DA:85,0
DA:101,0
DA:103,0
DA:104,0
DA:105,0
DA:111,0
DA:113,0
DA:114,0
DA:127,0
DA:130,0
DA:132,0
DA:133,0
DA:136,0
DA:158,0
DA:160,0
DA:179,0
DA:181,0
DA:211,0
DA:230,0
DA:232,0
DA:233,0
DA:235,0
DA:236,0
DA:239,0
DA:240,0
DA:243,0
DA:261,0
DA:280,0
DA:282,0
DA:284,0
DA:286,0
DA:288,0
DA:289,0
DA:294,0
DA:297,0
DA:298,0
DA:303,0
DA:306,0
DA:307,0
DA:308,0
DA:311,0
DA:329,0
DA:348,0
DA:350,0
DA:355,0
DA:356,0
DA:358,0
DA:359,0
DA:360,0
DA:365,0
DA:366,0
DA:367,0
DA:372,0
DA:375,0
DA:376,0
DA:377,0
DA:381,0
DA:385,0
DA:403,0
DA:408,0
DA:411,0
DA:412,0
DA:413,0
DA:415,0
DA:416,0
DA:417,0
DA:422,0
DA:425,0
DA:426,0
DA:427,0
DA:432,0
DA:435,0
DA:446,0
DA:447,0
DA:450,0
DA:451,0
DA:460,0
DA:461,0
DA:468,0
DA:479,0
DA:486,0
DA:487,0
DA:489,0
DA:498,0
DA:499,0
DA:500,0
DA:502,0
DA:505,0
DA:514,0
DA:515,0
DA:516,0
DA:518,0
DA:519,0
DA:521,0
DA:524,0
DA:527,0
DA:529,0
DA:530,0
DA:544,0
DA:545,0
DA:548,0
DA:557,0
DA:566,0
DA:575,0
DA:576,0
DA:577,0
DA:578,0
DA:580,0
DA:582,0
DA:583,0
LF:135
LH:0
BRDA:21,0,0,0
BRDA:22,1,0,0
BRDA:22,2,0,0
BRDA:22,3,0,0
BRDA:39,4,0,0
BRDA:39,4,1,0
BRDA:49,5,0,0
BRDA:49,5,1,0
BRDA:54,6,0,0
BRDA:54,6,1,0
BRDA:101,7,0,0
BRDA:101,7,1,0
BRDA:111,8,0,0
BRDA:111,8,1,0
BRDA:126,9,0,0
BRDA:127,10,0,0
BRDA:127,11,0,0
BRDA:132,12,0,0
BRDA:132,12,1,0
BRDA:132,13,0,0
BRDA:132,13,1,0
BRDA:137,14,0,0
BRDA:137,14,1,0
BRDA:137,14,2,0
BRDA:138,15,0,0
BRDA:138,15,1,0
BRDA:138,15,2,0
BRDA:138,15,3,0
BRDA:138,16,0,0
BRDA:138,16,1,0
BRDA:138,17,0,0
BRDA:138,17,1,0
BRDA:142,18,0,0
BRDA:142,18,1,0
BRDA:145,19,0,0
BRDA:145,19,1,0
BRDA:145,19,2,0
BRDA:153,20,0,0
BRDA:153,20,1,0
BRDA:154,21,0,0
BRDA:154,21,1,0
BRDA:178,22,0,0
BRDA:179,23,0,0
BRDA:182,24,0,0
BRDA:182,24,1,0
BRDA:182,24,2,0
BRDA:183,25,0,0
BRDA:183,25,1,0
BRDA:183,25,2,0
BRDA:188,26,0,0
BRDA:188,26,1,0
BRDA:191,27,0,0
BRDA:191,27,1,0
BRDA:196,28,0,0
BRDA:196,28,1,0
BRDA:201,29,0,0
BRDA:201,29,1,0
BRDA:202,30,0,0
BRDA:202,30,1,0
BRDA:202,30,2,0
BRDA:229,31,0,0
BRDA:230,32,0,0
BRDA:230,33,0,0
BRDA:233,34,0,0
BRDA:233,34,1,0
BRDA:235,35,0,0
BRDA:235,35,1,0
BRDA:235,36,0,0
BRDA:235,36,1,0
BRDA:239,37,0,0
BRDA:239,37,1,0
BRDA:244,38,0,0
BRDA:244,38,1,0
BRDA:246,39,0,0
BRDA:246,39,1,0
BRDA:248,40,0,0
BRDA:248,40,1,0
BRDA:249,41,0,0
BRDA:249,41,1,0
BRDA:249,42,0,0
BRDA:249,42,1,0
BRDA:250,43,0,0
BRDA:250,43,1,0
BRDA:250,44,0,0
BRDA:250,44,1,0
BRDA:255,45,0,0
BRDA:255,45,1,0
BRDA:279,46,0,0
BRDA:280,47,0,0
BRDA:288,48,0,0
BRDA:288,48,1,0
BRDA:297,49,0,0
BRDA:297,49,1,0
BRDA:297,50,0,0
BRDA:297,50,1,0
BRDA:306,51,0,0
BRDA:306,51,1,0
BRDA:313,52,0,0
BRDA:313,52,1,0
BRDA:315,53,0,0
BRDA:315,53,1,0
BRDA:315,54,0,0
BRDA:315,54,1,0
BRDA:316,55,0,0
BRDA:316,55,1,0
BRDA:316,56,0,0
BRDA:316,56,1,0
BRDA:317,57,0,0
BRDA:317,57,1,0
BRDA:318,58,0,0
BRDA:318,58,1,0
BRDA:319,59,0,0
BRDA:319,59,1,0
BRDA:320,60,0,0
BRDA:320,60,1,0
BRDA:320,61,0,0
BRDA:320,61,1,0
BRDA:347,62,0,0
BRDA:348,63,0,0
BRDA:359,64,0,0
BRDA:359,64,1,0
BRDA:366,65,0,0
BRDA:366,65,1,0
BRDA:375,66,0,0
BRDA:375,66,1,0
BRDA:386,67,0,0
BRDA:386,67,1,0
BRDA:389,68,0,0
BRDA:389,68,1,0
BRDA:390,69,0,0
BRDA:390,69,1,0
BRDA:391,70,0,0
BRDA:391,70,1,0
BRDA:392,71,0,0
BRDA:392,71,1,0
BRDA:393,72,0,0
BRDA:393,72,1,0
BRDA:394,73,0,0
BRDA:394,73,1,0
BRDA:395,74,0,0
BRDA:395,74,1,0
BRDA:411,75,0,0
BRDA:411,75,1,0
BRDA:411,76,0,0
BRDA:411,76,1,0
BRDA:416,77,0,0
BRDA:416,77,1,0
BRDA:425,78,0,0
BRDA:425,78,1,0
BRDA:438,79,0,0
BRDA:438,79,1,0
BRDA:439,80,0,0
BRDA:439,80,1,0
BRDA:440,81,0,0
BRDA:440,81,1,0
BRDA:443,82,0,0
BRDA:443,82,1,0
BRDA:487,83,0,0
BRDA:487,83,1,0
BRDA:487,83,2,0
BRDA:499,84,0,0
BRDA:499,84,1,0
BRDA:515,85,0,0
BRDA:515,85,1,0
BRDA:518,86,0,0
BRDA:518,86,1,0
BRF:166
BRH:0
end_of_record
TN:
SF:src\db\inventory-analytics.js
FN:11,calculateInventoryTurnover
FN:112,(anonymous_1)
FN:152,getInventoryTurnoverTrends
FN:224,(anonymous_3)
FN:245,calculateOptimalStockLevels
FN:318,(anonymous_5)
FN:407,(anonymous_6)
FN:413,performABCAnalysis
FN:467,(anonymous_8)
FN:497,(anonymous_9)
FN:500,(anonymous_10)
FN:503,(anonymous_11)
FN:528,(anonymous_12)
FN:529,(anonymous_13)
FN:530,(anonymous_14)
FN:532,(anonymous_15)
FN:532,(anonymous_16)
FN:533,(anonymous_17)
FN:533,(anonymous_18)
FN:534,(anonymous_19)
FN:534,(anonymous_20)
FN:551,identifyDeadStock
FN:651,(anonymous_22)
FN:734,(anonymous_23)
FN:739,(anonymous_24)
FN:744,(anonymous_25)
FN:745,(anonymous_26)
FN:746,(anonymous_27)
FN:748,(anonymous_28)
FN:749,(anonymous_29)
FN:751,(anonymous_30)
FN:752,(anonymous_31)
FN:754,(anonymous_32)
FN:775,calculateOptimizedReorderPoints
FN:847,(anonymous_34)
FN:950,(anonymous_35)
FN:955,getTurnoverHealthStatus
FN:963,calculateAnnualInventoryCost
FN:969,getZScoreForServiceLevel
FN:979,getStockOptimizationRecommendation
FN:990,getABCRecommendedStrategy
FN:1003,generateDeadStockRecommendations
FN:1025,calculateStockoutRisk
FN:1046,calculateDemandTrend
FN:1051,getReorderPointRecommendation
FN:1062,calculateImplementationPriority
FNF:46
FNH:0
FNDA:0,calculateInventoryTurnover
FNDA:0,(anonymous_1)
FNDA:0,getInventoryTurnoverTrends
FNDA:0,(anonymous_3)
FNDA:0,calculateOptimalStockLevels
FNDA:0,(anonymous_5)
FNDA:0,(anonymous_6)
FNDA:0,performABCAnalysis
FNDA:0,(anonymous_8)
FNDA:0,(anonymous_9)
FNDA:0,(anonymous_10)
FNDA:0,(anonymous_11)
FNDA:0,(anonymous_12)
FNDA:0,(anonymous_13)
FNDA:0,(anonymous_14)
FNDA:0,(anonymous_15)
FNDA:0,(anonymous_16)
FNDA:0,(anonymous_17)
FNDA:0,(anonymous_18)
FNDA:0,(anonymous_19)
FNDA:0,(anonymous_20)
FNDA:0,identifyDeadStock
FNDA:0,(anonymous_22)
FNDA:0,(anonymous_23)
FNDA:0,(anonymous_24)
FNDA:0,(anonymous_25)
FNDA:0,(anonymous_26)
FNDA:0,(anonymous_27)
FNDA:0,(anonymous_28)
FNDA:0,(anonymous_29)
FNDA:0,(anonymous_30)
FNDA:0,(anonymous_31)
FNDA:0,(anonymous_32)
FNDA:0,calculateOptimizedReorderPoints
FNDA:0,(anonymous_34)
FNDA:0,(anonymous_35)
FNDA:0,getTurnoverHealthStatus
FNDA:0,calculateAnnualInventoryCost
FNDA:0,getZScoreForServiceLevel
FNDA:0,getStockOptimizationRecommendation
FNDA:0,getABCRecommendedStrategy
FNDA:0,generateDeadStockRecommendations
FNDA:0,calculateStockoutRisk
FNDA:0,calculateDemandTrend
FNDA:0,getReorderPointRecommendation
FNDA:0,calculateImplementationPriority
DA:19,0
DA:22,0
DA:23,0
DA:25,0
DA:31,0
DA:32,0
DA:35,0
DA:36,0
DA:39,0
DA:40,0
DA:43,0
DA:45,0
DA:46,0
DA:49,0
DA:51,0
DA:57,0
DA:58,0
DA:60,0
DA:63,0
DA:64,0
DA:66,0
DA:69,0
DA:70,0
DA:73,0
DA:74,0
DA:75,0
DA:79,0
DA:112,0
DA:113,0
DA:114,0
DA:115,0
DA:116,0
DA:117,0
DA:118,0
DA:119,0
DA:122,0
DA:125,0
DA:126,0
DA:129,0
DA:131,0
DA:146,0
DA:159,0
DA:161,0
DA:164,0
DA:166,0
DA:167,0
DA:168,0
DA:170,0
DA:171,0
DA:172,0
DA:175,0
DA:176,0
DA:177,0
DA:180,0
DA:186,0
DA:187,0
DA:190,0
DA:191,0
DA:194,0
DA:195,0
DA:198,0
DA:200,0
DA:224,0
DA:225,0
DA:226,0
DA:227,0
DA:229,0
DA:253,0
DA:255,0
DA:256,0
DA:258,0
DA:264,0
DA:265,0
DA:268,0
DA:269,0
DA:272,0
DA:275,0
DA:318,0
DA:319,0
DA:320,0
DA:321,0
DA:322,0
DA:323,0
DA:324,0
DA:325,0
DA:328,0
DA:330,0
DA:331,0
DA:332,0
DA:333,0
DA:335,0
DA:337,0
DA:339,0
DA:342,0
DA:343,0
DA:346,0
DA:349,0
DA:351,0
DA:354,0
DA:355,0
DA:356,0
DA:357,0
DA:358,0
DA:359,0
DA:363,0
DA:367,0
DA:375,0
DA:383,0
DA:384,0
DA:386,0
DA:407,0
DA:418,0
DA:420,0
DA:421,0
DA:423,0
DA:430,0
DA:431,0
DA:434,0
DA:437,0
DA:467,0
DA:468,0
DA:469,0
DA:470,0
DA:471,0
DA:473,0
DA:474,0
DA:476,0
DA:477,0
DA:479,0
DA:480,0
DA:482,0
DA:483,0
DA:486,0
DA:497,0
DA:500,0
DA:501,0
DA:503,0
DA:504,0
DA:505,0
DA:508,0
DA:509,0
DA:510,0
DA:511,0
DA:512,0
DA:515,0
DA:526,0
DA:528,0
DA:529,0
DA:530,0
DA:532,0
DA:533,0
DA:534,0
DA:537,0
DA:559,0
DA:561,0
DA:562,0
DA:563,0
DA:565,0
DA:570,0
DA:571,0
DA:574,0
DA:575,0
DA:578,0
DA:581,0
DA:651,0
DA:652,0
DA:653,0
DA:654,0
DA:656,0
DA:660,0
DA:664,0
DA:665,0
DA:666,0
DA:667,0
DA:668,0
DA:671,0
DA:674,0
DA:675,0
DA:676,0
DA:678,0
DA:679,0
DA:680,0
DA:681,0
DA:682,0
DA:683,0
DA:684,0
DA:685,0
DA:686,0
DA:687,0
DA:688,0
DA:689,0
DA:690,0
DA:691,0
DA:692,0
DA:693,0
DA:694,0
DA:699,0
DA:700,0
DA:705,0
DA:713,0
DA:734,0
DA:735,0
DA:739,0
DA:742,0
DA:744,0
DA:745,0
DA:746,0
DA:748,0
DA:749,0
DA:751,0
DA:752,0
DA:754,0
DA:757,0
DA:783,0
DA:785,0
DA:786,0
DA:788,0
DA:795,0
DA:796,0
DA:799,0
DA:800,0
DA:803,0
DA:806,0
DA:847,0
DA:848,0
DA:849,0
DA:850,0
DA:851,0
DA:852,0
DA:854,0
DA:855,0
DA:856,0
DA:857,0
DA:859,0
DA:860,0
DA:862,0
DA:865,0
DA:866,0
DA:867,0
DA:868,0
DA:869,0
DA:873,0
DA:874,0
DA:875,0
DA:876,0
DA:880,0
DA:881,0
DA:882,0
DA:883,0
DA:884,0
DA:885,0
DA:890,0
DA:898,0
DA:907,0
DA:909,0
DA:950,0
DA:956,0
DA:957,0
DA:958,0
DA:959,0
DA:960,0
DA:964,0
DA:965,0
DA:966,0
DA:971,0
DA:976,0
DA:980,0
DA:981,0
DA:982,0
DA:983,0
DA:984,0
DA:985,0
DA:987,0
DA:991,0
DA:993,0
DA:995,0
DA:997,0
DA:999,0
DA:1004,0
DA:1006,0
DA:1007,0
DA:1008,0
DA:1010,0
DA:1011,0
DA:1012,0
DA:1013,0
DA:1014,0
DA:1015,0
DA:1017,0
DA:1018,0
DA:1019,0
DA:1022,0
DA:1026,0
DA:1028,0
DA:1029,0
DA:1031,0
DA:1033,0
DA:1036,0
DA:1037,0
DA:1038,0
DA:1039,0
DA:1040,0
DA:1041,0
DA:1042,0
DA:1043,0
DA:1048,0
DA:1052,0
DA:1053,0
DA:1054,0
DA:1055,0
DA:1056,0
DA:1057,0
DA:1059,0
DA:1063,0
DA:1065,0
DA:1066,0
DA:1067,0
DA:1069,0
DA:1070,0
DA:1071,0
DA:1073,0
DA:1074,0
DA:1076,0
DA:1077,0
DA:1078,0
LF:325
LH:0
BRDA:11,0,0,0
BRDA:13,1,0,0
BRDA:14,2,0,0
BRDA:15,3,0,0
BRDA:16,4,0,0
BRDA:17,5,0,0
BRDA:18,6,0,0
BRDA:22,7,0,0
BRDA:22,7,1,0
BRDA:23,8,0,0
BRDA:23,8,1,0
BRDA:31,9,0,0
BRDA:31,9,1,0
BRDA:35,10,0,0
BRDA:35,10,1,0
BRDA:39,11,0,0
BRDA:39,11,1,0
BRDA:49,12,0,0
BRDA:49,12,1,0
BRDA:49,12,2,0
BRDA:49,12,3,0
BRDA:49,12,4,0
BRDA:113,13,0,0
BRDA:113,13,1,0
BRDA:114,14,0,0
BRDA:114,14,1,0
BRDA:115,15,0,0
BRDA:115,15,1,0
BRDA:116,16,0,0
BRDA:116,16,1,0
BRDA:117,17,0,0
BRDA:117,17,1,0
BRDA:118,18,0,0
BRDA:118,18,1,0
BRDA:119,19,0,0
BRDA:119,19,1,0
BRDA:122,20,0,0
BRDA:122,20,1,0
BRDA:126,21,0,0
BRDA:126,21,1,0
BRDA:137,22,0,0
BRDA:137,22,1,0
BRDA:137,23,0,0
BRDA:137,23,1,0
BRDA:152,24,0,0
BRDA:154,25,0,0
BRDA:155,26,0,0
BRDA:156,27,0,0
BRDA:157,28,0,0
BRDA:158,29,0,0
BRDA:164,30,0,0
BRDA:164,30,1,0
BRDA:164,30,2,0
BRDA:164,30,3,0
BRDA:186,31,0,0
BRDA:186,31,1,0
BRDA:190,32,0,0
BRDA:190,32,1,0
BRDA:194,33,0,0
BRDA:194,33,1,0
BRDA:225,34,0,0
BRDA:225,34,1,0
BRDA:226,35,0,0
BRDA:226,35,1,0
BRDA:227,36,0,0
BRDA:227,36,1,0
BRDA:234,37,0,0
BRDA:234,37,1,0
BRDA:235,38,0,0
BRDA:235,38,1,0
BRDA:245,39,0,0
BRDA:247,40,0,0
BRDA:248,41,0,0
BRDA:249,42,0,0
BRDA:250,43,0,0
BRDA:251,44,0,0
BRDA:252,45,0,0
BRDA:264,46,0,0
BRDA:264,46,1,0
BRDA:268,47,0,0
BRDA:268,47,1,0
BRDA:319,48,0,0
BRDA:319,48,1,0
BRDA:320,49,0,0
BRDA:320,49,1,0
BRDA:321,50,0,0
BRDA:321,50,1,0
BRDA:322,51,0,0
BRDA:322,51,1,0
BRDA:323,52,0,0
BRDA:323,52,1,0
BRDA:324,53,0,0
BRDA:324,53,1,0
BRDA:325,54,0,0
BRDA:325,54,1,0
BRDA:335,55,0,0
BRDA:335,55,1,0
BRDA:335,55,2,0
BRDA:337,56,0,0
BRDA:337,56,1,0
BRDA:337,57,0,0
BRDA:337,57,1,0
BRDA:369,58,0,0
BRDA:369,58,1,0
BRDA:384,59,0,0
BRDA:384,59,1,0
BRDA:389,60,0,0
BRDA:389,60,1,0
BRDA:413,61,0,0
BRDA:415,62,0,0
BRDA:416,63,0,0
BRDA:417,64,0,0
BRDA:430,65,0,0
BRDA:430,65,1,0
BRDA:468,66,0,0
BRDA:468,66,1,0
BRDA:469,67,0,0
BRDA:469,67,1,0
BRDA:470,68,0,0
BRDA:470,68,1,0
BRDA:474,69,0,0
BRDA:474,69,1,0
BRDA:474,69,2,0
BRDA:492,70,0,0
BRDA:492,70,1,0
BRDA:505,71,0,0
BRDA:505,71,1,0
BRDA:509,72,0,0
BRDA:509,72,1,0
BRDA:511,73,0,0
BRDA:511,73,1,0
BRDA:518,74,0,0
BRDA:518,74,1,0
BRDA:551,75,0,0
BRDA:553,76,0,0
BRDA:554,77,0,0
BRDA:555,78,0,0
BRDA:556,79,0,0
BRDA:557,80,0,0
BRDA:558,81,0,0
BRDA:570,82,0,0
BRDA:570,82,1,0
BRDA:574,83,0,0
BRDA:574,83,1,0
BRDA:652,84,0,0
BRDA:652,84,1,0
BRDA:653,85,0,0
BRDA:653,85,1,0
BRDA:654,86,0,0
BRDA:654,86,1,0
BRDA:656,87,0,0
BRDA:656,87,1,0
BRDA:660,88,0,0
BRDA:660,88,1,0
BRDA:664,89,0,0
BRDA:664,89,1,0
BRDA:665,90,0,0
BRDA:665,90,1,0
BRDA:666,91,0,0
BRDA:666,91,1,0
BRDA:667,92,0,0
BRDA:667,92,1,0
BRDA:668,93,0,0
BRDA:668,93,1,0
BRDA:671,94,0,0
BRDA:671,94,1,0
BRDA:678,95,0,0
BRDA:678,95,1,0
BRDA:678,96,0,0
BRDA:678,96,1,0
BRDA:682,97,0,0
BRDA:682,97,1,0
BRDA:682,98,0,0
BRDA:682,98,1,0
BRDA:686,99,0,0
BRDA:686,99,1,0
BRDA:687,100,0,0
BRDA:687,100,1,0
BRDA:687,101,0,0
BRDA:687,101,1,0
BRDA:691,102,0,0
BRDA:691,102,1,0
BRDA:691,103,0,0
BRDA:691,103,1,0
BRDA:700,104,0,0
BRDA:700,104,1,0
BRDA:735,105,0,0
BRDA:735,105,1,0
BRDA:735,105,2,0
BRDA:753,106,0,0
BRDA:753,106,1,0
BRDA:775,107,0,0
BRDA:777,108,0,0
BRDA:778,109,0,0
BRDA:779,110,0,0
BRDA:780,111,0,0
BRDA:781,112,0,0
BRDA:782,113,0,0
BRDA:795,114,0,0
BRDA:795,114,1,0
BRDA:799,115,0,0
BRDA:799,115,1,0
BRDA:848,116,0,0
BRDA:848,116,1,0
BRDA:849,117,0,0
BRDA:849,117,1,0
BRDA:850,118,0,0
BRDA:850,118,1,0
BRDA:851,119,0,0
BRDA:851,119,1,0
BRDA:852,120,0,0
BRDA:852,120,1,0
BRDA:859,121,0,0
BRDA:859,121,1,0
BRDA:862,122,0,0
BRDA:862,122,1,0
BRDA:862,122,2,0
BRDA:868,123,0,0
BRDA:868,123,1,0
BRDA:892,124,0,0
BRDA:892,124,1,0
BRDA:914,125,0,0
BRDA:914,125,1,0
BRDA:931,126,0,0
BRDA:931,126,1,0
BRDA:935,127,0,0
BRDA:935,127,1,0
BRDA:956,128,0,0
BRDA:956,128,1,0
BRDA:957,129,0,0
BRDA:957,129,1,0
BRDA:958,130,0,0
BRDA:958,130,1,0
BRDA:959,131,0,0
BRDA:959,131,1,0
BRDA:965,132,0,0
BRDA:965,132,1,0
BRDA:965,133,0,0
BRDA:965,133,1,0
BRDA:976,134,0,0
BRDA:976,134,1,0
BRDA:980,135,0,0
BRDA:980,135,1,0
BRDA:982,136,0,0
BRDA:982,136,1,0
BRDA:984,137,0,0
BRDA:984,137,1,0
BRDA:991,138,0,0
BRDA:991,138,1,0
BRDA:991,138,2,0
BRDA:991,138,3,0
BRDA:1006,139,0,0
BRDA:1006,139,1,0
BRDA:1007,140,0,0
BRDA:1007,140,1,0
BRDA:1013,141,0,0
BRDA:1013,141,1,0
BRDA:1014,142,0,0
BRDA:1014,142,1,0
BRDA:1026,143,0,0
BRDA:1026,143,1,0
BRDA:1031,144,0,0
BRDA:1031,144,1,0
BRDA:1031,145,0,0
BRDA:1031,145,1,0
BRDA:1036,146,0,0
BRDA:1036,146,1,0
BRDA:1037,147,0,0
BRDA:1037,147,1,0
BRDA:1038,148,0,0
BRDA:1038,148,1,0
BRDA:1039,149,0,0
BRDA:1039,149,1,0
BRDA:1040,150,0,0
BRDA:1040,150,1,0
BRDA:1041,151,0,0
BRDA:1041,151,1,0
BRDA:1042,152,0,0
BRDA:1042,152,1,0
BRDA:1048,153,0,0
BRDA:1048,153,1,0
BRDA:1052,154,0,0
BRDA:1052,154,1,0
BRDA:1052,155,0,0
BRDA:1052,155,1,0
BRDA:1054,156,0,0
BRDA:1054,156,1,0
BRDA:1054,157,0,0
BRDA:1054,157,1,0
BRDA:1056,158,0,0
BRDA:1056,158,1,0
BRDA:1056,159,0,0
BRDA:1056,159,1,0
BRDA:1065,160,0,0
BRDA:1065,160,1,0
BRDA:1066,161,0,0
BRDA:1066,161,1,0
BRDA:1067,162,0,0
BRDA:1067,162,1,0
BRDA:1069,163,0,0
BRDA:1069,163,1,0
BRDA:1070,164,0,0
BRDA:1070,164,1,0
BRDA:1071,165,0,0
BRDA:1071,165,1,0
BRDA:1073,166,0,0
BRDA:1073,166,1,0
BRDA:1074,167,0,0
BRDA:1074,167,1,0
BRDA:1076,168,0,0
BRDA:1076,168,1,0
BRDA:1077,169,0,0
BRDA:1077,169,1,0
BRF:313
BRH:0
end_of_record
TN:
SF:src\db\inventory-queries.js
FN:11,getInventory
FN:123,getInventoryById
FN:167,getInventoryByProductWarehouse
FN:185,upsertInventory
FN:252,recordMovement
FN:272,(anonymous_5)
FN:417,reserveStock
FN:418,(anonymous_7)
FN:455,releaseReservedStock
FN:456,(anonymous_9)
FN:495,getMovements
FN:609,getReorderSuggestions
FN:665,clearReorderSuggestionsCache
FN:675,getInventoryAnalytics
FN:741,getAdvancedInventoryAnalytics
FN:1027,calculateStockStatus
FN:1046,adjustStock
FNF:17
FNH:0
FNDA:0,getInventory
FNDA:0,getInventoryById
FNDA:0,getInventoryByProductWarehouse
FNDA:0,upsertInventory
FNDA:0,recordMovement
FNDA:0,(anonymous_5)
FNDA:0,reserveStock
FNDA:0,(anonymous_7)
FNDA:0,releaseReservedStock
FNDA:0,(anonymous_9)
FNDA:0,getMovements
FNDA:0,getReorderSuggestions
FNDA:0,clearReorderSuggestionsCache
FNDA:0,getInventoryAnalytics
FNDA:0,getAdvancedInventoryAnalytics
FNDA:0,calculateStockStatus
FNDA:0,adjustStock
DA:21,0
DA:23,0
DA:26,0
DA:28,0
DA:29,0
DA:37,0
DA:38,0
DA:41,0
DA:42,0
DA:45,0
DA:46,0
DA:54,0
DA:57,0
DA:58,0
DA:61,0
DA:67,0
DA:70,0
DA:109,0
DA:124,0
DA:161,0
DA:168,0
DA:179,0
DA:196,0
DA:199,0
DA:201,0
DA:203,0
DA:220,0
DA:223,0
DA:243,0
DA:270,0
DA:272,0
DA:274,0
DA:280,0
DA:281,0
DA:284,0
DA:285,0
DA:286,0
DA:289,0
DA:290,0
DA:294,0
DA:295,0
DA:298,0
DA:299,0
DA:300,0
DA:301,0
DA:302,0
DA:306,0
DA:332,0
DA:338,0
DA:353,0
DA:356,0
DA:362,0
DA:374,0
DA:387,0
DA:388,0
DA:394,0
DA:395,0
DA:410,0
DA:418,0
DA:419,0
DA:430,0
DA:431,0
DA:434,0
DA:435,0
DA:438,0
DA:448,0
DA:456,0
DA:457,0
DA:468,0
DA:469,0
DA:472,0
DA:473,0
DA:476,0
DA:486,0
DA:507,0
DA:509,0
DA:512,0
DA:514,0
DA:515,0
DA:518,0
DA:519,0
DA:522,0
DA:523,0
DA:526,0
DA:527,0
DA:530,0
DA:531,0
DA:534,0
DA:535,0
DA:538,0
DA:541,0
DA:542,0
DA:545,0
DA:550,0
DA:553,0
DA:588,0
DA:602,0
DA:603,0
DA:604,0
DA:610,0
DA:613,0
DA:614,0
DA:617,0
DA:618,0
DA:651,0
DA:652,0
DA:654,0
DA:656,0
DA:658,0
DA:666,0
DA:667,0
DA:676,0
DA:678,0
DA:680,0
DA:681,0
DA:684,0
DA:685,0
DA:688,0
DA:691,0
DA:706,0
DA:720,0
DA:731,0
DA:748,0
DA:750,0
DA:752,0
DA:753,0
DA:756,0
DA:757,0
DA:760,0
DA:763,0
DA:764,0
DA:766,0
DA:767,0
DA:769,0
DA:770,0
DA:773,0
DA:818,0
DA:822,0
DA:823,0
DA:859,0
DA:889,0
DA:896,0
DA:897,0
DA:899,0
DA:900,0
DA:902,0
DA:903,0
DA:907,0
DA:923,0
DA:938,0
DA:945,0
DA:946,0
DA:1016,0
DA:1019,0
DA:1028,0
DA:1029,0
DA:1032,0
DA:1033,0
DA:1036,0
DA:1037,0
DA:1040,0
DA:1047,0
DA:1048,0
DA:1049,0
DA:1052,0
DA:1054,0
DA:1055,0
DA:1058,0
DA:1060,0
DA:1072,0
LF:170
LH:0
BRDA:11,0,0,0
BRDA:13,1,0,0
BRDA:14,2,0,0
BRDA:15,3,0,0
BRDA:16,4,0,0
BRDA:17,5,0,0
BRDA:18,6,0,0
BRDA:19,7,0,0
BRDA:20,8,0,0
BRDA:28,9,0,0
BRDA:28,9,1,0
BRDA:37,10,0,0
BRDA:37,10,1,0
BRDA:41,11,0,0
BRDA:41,11,1,0
BRDA:45,12,0,0
BRDA:45,12,1,0
BRDA:54,13,0,0
BRDA:54,13,1,0
BRDA:57,14,0,0
BRDA:57,14,1,0
BRDA:58,15,0,0
BRDA:58,15,1,0
BRDA:161,16,0,0
BRDA:161,16,1,0
BRDA:179,17,0,0
BRDA:179,17,1,0
BRDA:189,18,0,0
BRDA:190,19,0,0
BRDA:191,20,0,0
BRDA:192,21,0,0
BRDA:193,22,0,0
BRDA:194,23,0,0
BRDA:195,24,0,0
BRDA:201,25,0,0
BRDA:201,25,1,0
BRDA:259,26,0,0
BRDA:260,27,0,0
BRDA:261,28,0,0
BRDA:262,29,0,0
BRDA:263,30,0,0
BRDA:264,31,0,0
BRDA:265,32,0,0
BRDA:266,33,0,0
BRDA:267,34,0,0
BRDA:268,35,0,0
BRDA:269,36,0,0
BRDA:280,37,0,0
BRDA:280,37,1,0
BRDA:289,38,0,0
BRDA:289,38,1,0
BRDA:289,39,0,0
BRDA:289,39,1,0
BRDA:294,40,0,0
BRDA:294,40,1,0
BRDA:298,41,0,0
BRDA:298,41,1,0
BRDA:298,42,0,0
BRDA:298,42,1,0
BRDA:298,42,2,0
BRDA:301,43,0,0
BRDA:301,43,1,0
BRDA:301,44,0,0
BRDA:301,44,1,0
BRDA:301,44,2,0
BRDA:344,45,0,0
BRDA:344,45,1,0
BRDA:344,46,0,0
BRDA:344,46,1,0
BRDA:387,47,0,0
BRDA:387,47,1,0
BRDA:387,48,0,0
BRDA:387,48,1,0
BRDA:387,48,2,0
BRDA:394,49,0,0
BRDA:394,49,1,0
BRDA:404,50,0,0
BRDA:404,50,1,0
BRDA:430,51,0,0
BRDA:430,51,1,0
BRDA:434,52,0,0
BRDA:434,52,1,0
BRDA:468,53,0,0
BRDA:468,53,1,0
BRDA:472,54,0,0
BRDA:472,54,1,0
BRDA:495,55,0,0
BRDA:497,56,0,0
BRDA:498,57,0,0
BRDA:499,58,0,0
BRDA:500,59,0,0
BRDA:501,60,0,0
BRDA:502,61,0,0
BRDA:503,62,0,0
BRDA:504,63,0,0
BRDA:505,64,0,0
BRDA:506,65,0,0
BRDA:514,66,0,0
BRDA:514,66,1,0
BRDA:518,67,0,0
BRDA:518,67,1,0
BRDA:522,68,0,0
BRDA:522,68,1,0
BRDA:526,69,0,0
BRDA:526,69,1,0
BRDA:530,70,0,0
BRDA:530,70,1,0
BRDA:534,71,0,0
BRDA:534,71,1,0
BRDA:538,72,0,0
BRDA:538,72,1,0
BRDA:541,73,0,0
BRDA:541,73,1,0
BRDA:542,74,0,0
BRDA:542,74,1,0
BRDA:613,75,0,0
BRDA:613,75,1,0
BRDA:613,76,0,0
BRDA:613,76,1,0
BRDA:658,77,0,0
BRDA:658,77,1,0
BRDA:675,78,0,0
BRDA:676,79,0,0
BRDA:676,80,0,0
BRDA:680,81,0,0
BRDA:680,81,1,0
BRDA:684,82,0,0
BRDA:684,82,1,0
BRDA:741,83,0,0
BRDA:743,84,0,0
BRDA:744,85,0,0
BRDA:745,86,0,0
BRDA:746,87,0,0
BRDA:747,88,0,0
BRDA:752,89,0,0
BRDA:752,89,1,0
BRDA:756,90,0,0
BRDA:756,90,1,0
BRDA:763,91,0,0
BRDA:763,91,1,0
BRDA:763,92,0,0
BRDA:763,92,1,0
BRDA:766,93,0,0
BRDA:766,93,1,0
BRDA:769,94,0,0
BRDA:769,94,1,0
BRDA:822,95,0,0
BRDA:822,95,1,0
BRDA:822,96,0,0
BRDA:822,96,1,0
BRDA:896,97,0,0
BRDA:896,97,1,0
BRDA:896,98,0,0
BRDA:896,98,1,0
BRDA:899,99,0,0
BRDA:899,99,1,0
BRDA:902,100,0,0
BRDA:902,100,1,0
BRDA:945,101,0,0
BRDA:945,101,1,0
BRDA:945,102,0,0
BRDA:945,102,1,0
BRDA:1028,103,0,0
BRDA:1028,103,1,0
BRDA:1032,104,0,0
BRDA:1032,104,1,0
BRDA:1032,105,0,0
BRDA:1032,105,1,0
BRDA:1036,106,0,0
BRDA:1036,106,1,0
BRDA:1036,107,0,0
BRDA:1036,107,1,0
BRDA:1046,108,0,0
BRDA:1048,109,0,0
BRDA:1048,109,1,0
BRDA:1054,110,0,0
BRDA:1054,110,1,0
BRDA:1058,111,0,0
BRDA:1058,111,1,0
BRDA:1069,112,0,0
BRDA:1069,112,1,0
BRF:181
BRH:0
end_of_record
TN:
SF:src\db\invoice-queries.js
FN:10,getInvoices
FN:128,getInvoiceById
FN:236,createInvoice
FN:239,(anonymous_3)
FN:257,(anonymous_4)
FN:286,(anonymous_5)
FN:311,updateInvoice
FN:314,(anonymous_7)
FN:336,(anonymous_8)
FN:358,(anonymous_9)
FN:392,deleteInvoice
FN:410,recordPayment
FN:411,(anonymous_12)
FN:473,getPaymentHistory
FN:486,getPurchaseOrdersForInvoicing
FN:517,getPurchaseOrderItems
FN:546,getInvoiceAnalytics
FN:622,(anonymous_17)
FN:627,(anonymous_18)
FN:639,invoiceNumberExists
FNF:20
FNH:0
FNDA:0,getInvoices
FNDA:0,getInvoiceById
FNDA:0,createInvoice
FNDA:0,(anonymous_3)
FNDA:0,(anonymous_4)
FNDA:0,(anonymous_5)
FNDA:0,updateInvoice
FNDA:0,(anonymous_7)
FNDA:0,(anonymous_8)
FNDA:0,(anonymous_9)
FNDA:0,deleteInvoice
FNDA:0,recordPayment
FNDA:0,(anonymous_12)
FNDA:0,getPaymentHistory
FNDA:0,getPurchaseOrdersForInvoicing
FNDA:0,getPurchaseOrderItems
FNDA:0,getInvoiceAnalytics
FNDA:0,(anonymous_17)
FNDA:0,(anonymous_18)
FNDA:0,invoiceNumberExists
DA:23,0
DA:25,0
DA:28,0
DA:30,0
DA:31,0
DA:39,0
DA:40,0
DA:43,0
DA:44,0
DA:47,0
DA:48,0
DA:51,0
DA:52,0
DA:55,0
DA:56,0
DA:59,0
DA:60,0
DA:63,0
DA:66,0
DA:67,0
DA:70,0
DA:109,0
DA:114,0
DA:129,0
DA:182,0
DA:183,0
DA:187,0
DA:211,0
DA:226,0
DA:237,0
DA:239,0
DA:241,0
DA:242,0
DA:243,0
DA:248,0
DA:252,0
DA:253,0
DA:254,0
DA:256,0
DA:257,0
DA:258,0
DA:259,0
DA:260,0
DA:262,0
DA:263,0
DA:264,0
DA:268,0
DA:269,0
DA:272,0
DA:285,0
DA:286,0
DA:301,0
DA:304,0
DA:312,0
DA:314,0
DA:316,0
DA:325,0
DA:326,0
DA:330,0
DA:332,0
DA:335,0
DA:336,0
DA:351,0
DA:354,0
DA:355,0
DA:356,0
DA:358,0
DA:359,0
DA:360,0
DA:361,0
DA:363,0
DA:364,0
DA:365,0
DA:368,0
DA:369,0
DA:372,0
DA:385,0
DA:393,0
DA:402,0
DA:411,0
DA:413,0
DA:414,0
DA:415,0
DA:420,0
DA:424,0
DA:434,0
DA:442,0
DA:443,0
DA:444,0
DA:447,0
DA:448,0
DA:449,0
DA:450,0
DA:451,0
DA:454,0
DA:466,0
DA:474,0
DA:487,0
DA:518,0
DA:547,0
DA:549,0
DA:551,0
DA:552,0
DA:555,0
DA:556,0
DA:559,0
DA:560,0
DA:563,0
DA:564,0
DA:567,0
DA:570,0
DA:581,0
DA:592,0
DA:615,0
DA:622,0
DA:627,0
DA:640,0
DA:642,0
DA:643,0
DA:646,0
DA:651,0
LF:121
LH:0
BRDA:10,0,0,0
BRDA:12,1,0,0
BRDA:13,2,0,0
BRDA:14,3,0,0
BRDA:15,4,0,0
BRDA:16,5,0,0
BRDA:17,6,0,0
BRDA:18,7,0,0
BRDA:19,8,0,0
BRDA:20,9,0,0
BRDA:21,10,0,0
BRDA:22,11,0,0
BRDA:30,12,0,0
BRDA:30,12,1,0
BRDA:39,13,0,0
BRDA:39,13,1,0
BRDA:43,14,0,0
BRDA:43,14,1,0
BRDA:47,15,0,0
BRDA:47,15,1,0
BRDA:51,16,0,0
BRDA:51,16,1,0
BRDA:55,17,0,0
BRDA:55,17,1,0
BRDA:59,18,0,0
BRDA:59,18,1,0
BRDA:63,19,0,0
BRDA:63,19,1,0
BRDA:66,20,0,0
BRDA:66,20,1,0
BRDA:67,21,0,0
BRDA:67,21,1,0
BRDA:182,22,0,0
BRDA:182,22,1,0
BRDA:241,23,0,0
BRDA:241,23,1,0
BRDA:256,24,0,0
BRDA:256,24,1,0
BRDA:256,25,0,0
BRDA:256,25,1,0
BRDA:259,26,0,0
BRDA:259,26,1,0
BRDA:260,27,0,0
BRDA:260,27,1,0
BRDA:268,28,0,0
BRDA:268,28,1,0
BRDA:269,29,0,0
BRDA:269,29,1,0
BRDA:285,30,0,0
BRDA:285,30,1,0
BRDA:285,31,0,0
BRDA:285,31,1,0
BRDA:293,32,0,0
BRDA:293,32,1,0
BRDA:294,33,0,0
BRDA:294,33,1,0
BRDA:298,34,0,0
BRDA:298,34,1,0
BRDA:325,35,0,0
BRDA:325,35,1,0
BRDA:330,36,0,0
BRDA:330,36,1,0
BRDA:335,37,0,0
BRDA:335,37,1,0
BRDA:343,38,0,0
BRDA:343,38,1,0
BRDA:344,39,0,0
BRDA:344,39,1,0
BRDA:348,40,0,0
BRDA:348,40,1,0
BRDA:360,41,0,0
BRDA:360,41,1,0
BRDA:361,42,0,0
BRDA:361,42,1,0
BRDA:368,43,0,0
BRDA:368,43,1,0
BRDA:369,44,0,0
BRDA:369,44,1,0
BRDA:413,45,0,0
BRDA:413,45,1,0
BRDA:442,46,0,0
BRDA:442,46,1,0
BRDA:448,47,0,0
BRDA:448,47,1,0
BRDA:450,48,0,0
BRDA:450,48,1,0
BRDA:460,49,0,0
BRDA:460,49,1,0
BRDA:546,50,0,0
BRDA:551,51,0,0
BRDA:551,51,1,0
BRDA:555,52,0,0
BRDA:555,52,1,0
BRDA:559,53,0,0
BRDA:559,53,1,0
BRDA:563,54,0,0
BRDA:563,54,1,0
BRDA:567,55,0,0
BRDA:567,55,1,0
BRDA:610,56,0,0
BRDA:610,56,1,0
BRDA:618,57,0,0
BRDA:618,57,1,0
BRDA:619,58,0,0
BRDA:619,58,1,0
BRDA:620,59,0,0
BRDA:620,59,1,0
BRDA:625,60,0,0
BRDA:625,60,1,0
BRDA:639,61,0,0
BRDA:642,62,0,0
BRDA:642,62,1,0
BRF:112
BRH:0
end_of_record
TN:
SF:src\db\migrate.js
FN:8,runMigrations
FNF:1
FNH:0
FNDA:0,runMigrations
DA:6,0
DA:9,0
DA:11,0
DA:12,0
DA:13,0
DA:14,0
DA:16,0
DA:17,0
DA:22,0
LF:9
LH:0
BRF:0
BRH:0
end_of_record
TN:
SF:src\db\mysql-schema.js
FN:22,(anonymous_0)
FN:29,(anonymous_1)
FN:36,(anonymous_2)
FN:46,(anonymous_3)
FN:56,(anonymous_4)
FN:94,(anonymous_5)
FN:106,(anonymous_6)
FN:143,(anonymous_7)
FN:155,(anonymous_8)
FN:188,(anonymous_9)
FN:199,(anonymous_10)
FN:223,(anonymous_11)
FN:232,(anonymous_12)
FN:257,(anonymous_13)
FN:267,(anonymous_14)
FN:291,(anonymous_15)
FN:300,(anonymous_16)
FN:325,(anonymous_17)
FN:335,(anonymous_18)
FN:361,(anonymous_19)
FN:371,(anonymous_20)
FN:395,(anonymous_21)
FNF:22
FNH:0
FNDA:0,(anonymous_0)
FNDA:0,(anonymous_1)
FNDA:0,(anonymous_2)
FNDA:0,(anonymous_3)
FNDA:0,(anonymous_4)
FNDA:0,(anonymous_5)
FNDA:0,(anonymous_6)
FNDA:0,(anonymous_7)
FNDA:0,(anonymous_8)
FNDA:0,(anonymous_9)
FNDA:0,(anonymous_10)
FNDA:0,(anonymous_11)
FNDA:0,(anonymous_12)
FNDA:0,(anonymous_13)
FNDA:0,(anonymous_14)
FNDA:0,(anonymous_15)
FNDA:0,(anonymous_16)
FNDA:0,(anonymous_17)
FNDA:0,(anonymous_18)
FNDA:0,(anonymous_19)
FNDA:0,(anonymous_20)
FNDA:0,(anonymous_21)
DA:21,0
DA:22,0
DA:29,0
DA:35,0
DA:36,0
DA:46,0
DA:55,0
DA:56,0
DA:94,0
DA:105,0
DA:106,0
DA:143,0
DA:154,0
DA:155,0
DA:188,0
DA:198,0
DA:199,0
DA:223,0
DA:231,0
DA:232,0
DA:257,0
DA:266,0
DA:267,0
DA:291,0
DA:299,0
DA:300,0
DA:325,0
DA:334,0
DA:335,0
DA:361,0
DA:370,0
DA:371,0
DA:395,0
DA:402,0
LF:34
LH:0
BRF:0
BRH:0
end_of_record
TN:
SF:src\db\price-list-queries.js
FN:6,getPriceListsBySupplier
FN:22,getPriceLists
FN:83,getPriceListById
FN:110,createPriceList
FN:124,createPriceListItems
FN:136,updatePriceListStatus
FN:157,activatePriceList
FN:170,(anonymous_7)
FN:203,getSupplierPrice
FN:239,(anonymous_9)
FN:240,(anonymous_10)
FN:260,getSupplierPriceHistory
FN:278,(anonymous_12)
FN:287,deletePriceList
FN:300,(anonymous_14)
FN:314,getBulkSupplierPrices
FN:342,(anonymous_16)
FN:350,getPriceListStatistics
FNF:18
FNH:0
FNDA:0,getPriceListsBySupplier
FNDA:0,getPriceLists
FNDA:0,getPriceListById
FNDA:0,createPriceList
FNDA:0,createPriceListItems
FNDA:0,updatePriceListStatus
FNDA:0,activatePriceList
FNDA:0,(anonymous_7)
FNDA:0,getSupplierPrice
FNDA:0,(anonymous_9)
FNDA:0,(anonymous_10)
FNDA:0,getSupplierPriceHistory
FNDA:0,(anonymous_12)
FNDA:0,deletePriceList
FNDA:0,(anonymous_14)
FNDA:0,getBulkSupplierPrices
FNDA:0,(anonymous_16)
FNDA:0,getPriceListStatistics
DA:7,0
DA:8,0
DA:14,0
DA:16,0
DA:17,0
DA:31,0
DA:33,0
DA:34,0
DA:36,0
DA:38,0
DA:39,0
DA:42,0
DA:43,0
DA:46,0
DA:47,0
DA:50,0
DA:52,0
DA:71,0
DA:84,0
DA:94,0
DA:96,0
DA:102,0
DA:111,0
DA:120,0
DA:125,0
DA:127,0
DA:132,0
DA:137,0
DA:142,0
DA:143,0
DA:144,0
DA:147,0
DA:153,0
DA:159,0
DA:165,0
DA:166,0
DA:170,0
DA:172,0
DA:186,0
DA:196,0
DA:199,0
DA:205,0
DA:216,0
DA:219,0
DA:230,0
DA:233,0
DA:234,0
DA:236,0
DA:238,0
DA:239,0
DA:240,0
DA:242,0
DA:243,0
DA:247,0
DA:261,0
DA:278,0
DA:289,0
DA:295,0
DA:296,0
DA:300,0
DA:301,0
DA:305,0
DA:310,0
DA:315,0
DA:318,0
DA:329,0
DA:332,0
DA:342,0
DA:351,0
DA:352,0
DA:353,0
DA:356,0
DA:358,0
DA:371,0
LF:74
LH:0
BRDA:22,0,0,0
BRDA:24,1,0,0
BRDA:25,2,0,0
BRDA:26,3,0,0
BRDA:27,4,0,0
BRDA:28,5,0,0
BRDA:29,6,0,0
BRDA:30,7,0,0
BRDA:34,8,0,0
BRDA:34,8,1,0
BRDA:38,9,0,0
BRDA:38,9,1,0
BRDA:42,10,0,0
BRDA:42,10,1,0
BRDA:46,11,0,0
BRDA:46,11,1,0
BRDA:50,12,0,0
BRDA:50,12,1,0
BRDA:94,13,0,0
BRDA:94,13,1,0
BRDA:125,14,0,0
BRDA:125,14,1,0
BRDA:125,15,0,0
BRDA:125,15,1,0
BRDA:136,16,0,0
BRDA:142,17,0,0
BRDA:142,17,1,0
BRDA:142,18,0,0
BRDA:142,18,1,0
BRDA:153,19,0,0
BRDA:153,19,1,0
BRDA:165,20,0,0
BRDA:165,20,1,0
BRDA:165,21,0,0
BRDA:165,21,1,0
BRDA:203,22,0,0
BRDA:216,23,0,0
BRDA:216,23,1,0
BRDA:230,24,0,0
BRDA:230,24,1,0
BRDA:236,25,0,0
BRDA:236,25,1,0
BRDA:236,26,0,0
BRDA:236,26,1,0
BRDA:242,27,0,0
BRDA:242,27,1,0
BRDA:260,28,0,0
BRDA:295,29,0,0
BRDA:295,29,1,0
BRDA:295,30,0,0
BRDA:295,30,1,0
BRDA:315,31,0,0
BRDA:315,31,1,0
BRDA:315,32,0,0
BRDA:315,32,1,0
BRDA:329,33,0,0
BRDA:329,33,1,0
BRDA:350,34,0,0
BRDA:352,35,0,0
BRDA:352,35,1,0
BRDA:356,36,0,0
BRDA:356,36,1,0
BRF:62
BRH:0
end_of_record
TN:
SF:src\db\purchase-order-queries.js
FN:15,createPurchaseOrder
FN:18,(anonymous_1)
FN:106,getPurchaseOrderById
FN:185,getCustomerPurchaseOrders
FN:273,searchPurchaseOrders
FN:333,updatePurchaseOrderStatus
FN:364,updatePurchaseOrderPaymentStatus
FN:387,getCustomerPurchaseHistorySummary
FN:432,getCustomerTopProducts
FN:459,getCustomerPurchaseFrequency
FN:487,(anonymous_10)
FN:511,getPurchaseOrderStatistics
FN:558,getPurchaseOrders
FNF:13
FNH:0
FNDA:0,createPurchaseOrder
FNDA:0,(anonymous_1)
FNDA:0,getPurchaseOrderById
FNDA:0,getCustomerPurchaseOrders
FNDA:0,searchPurchaseOrders
FNDA:0,updatePurchaseOrderStatus
FNDA:0,updatePurchaseOrderPaymentStatus
FNDA:0,getCustomerPurchaseHistorySummary
FNDA:0,getCustomerTopProducts
FNDA:0,getCustomerPurchaseFrequency
FNDA:0,(anonymous_10)
FNDA:0,getPurchaseOrderStatistics
FNDA:0,getPurchaseOrders
DA:16,0
DA:18,0
DA:20,0
DA:21,0
DA:22,0
DA:24,0
DA:25,0
DA:26,0
DA:27,0
DA:28,0
DA:30,0
DA:31,0
DA:33,0
DA:41,0
DA:42,0
DA:45,0
DA:71,0
DA:72,0
DA:73,0
DA:93,0
DA:96,0
DA:107,0
DA:146,0
DA:147,0
DA:151,0
DA:176,0
DA:195,0
DA:197,0
DA:199,0
DA:201,0
DA:202,0
DA:205,0
DA:206,0
DA:209,0
DA:210,0
DA:213,0
DA:214,0
DA:217,0
DA:218,0
DA:220,0
DA:252,0
DA:257,0
DA:280,0
DA:282,0
DA:284,0
DA:293,0
DA:294,0
DA:297,0
DA:298,0
DA:301,0
DA:302,0
DA:305,0
DA:327,0
DA:334,0
DA:344,0
DA:345,0
DA:348,0
DA:349,0
DA:352,0
DA:358,0
DA:365,0
DA:379,0
DA:388,0
DA:390,0
DA:392,0
DA:393,0
DA:396,0
DA:397,0
DA:400,0
DA:416,0
DA:433,0
DA:460,0
DA:469,0
DA:470,0
DA:479,0
DA:480,0
DA:481,0
DA:484,0
DA:487,0
DA:488,0
DA:489,0
DA:491,0
DA:492,0
DA:493,0
DA:494,0
DA:495,0
DA:496,0
DA:497,0
DA:499,0
DA:512,0
DA:514,0
DA:516,0
DA:517,0
DA:520,0
DA:521,0
DA:524,0
DA:525,0
DA:528,0
DA:529,0
DA:532,0
DA:545,0
DA:570,0
DA:572,0
DA:574,0
DA:576,0
DA:577,0
DA:580,0
DA:581,0
DA:584,0
DA:585,0
DA:588,0
DA:589,0
DA:592,0
DA:593,0
DA:602,0
DA:603,0
DA:605,0
DA:640,0
DA:646,0
LF:119
LH:0
BRDA:16,0,0,0
BRDA:26,1,0,0
BRDA:26,1,1,0
BRDA:28,2,0,0
BRDA:28,2,1,0
BRDA:41,3,0,0
BRDA:41,3,1,0
BRDA:48,4,0,0
BRDA:48,4,1,0
BRDA:50,5,0,0
BRDA:50,5,1,0
BRDA:54,6,0,0
BRDA:54,6,1,0
BRDA:56,7,0,0
BRDA:56,7,1,0
BRDA:57,8,0,0
BRDA:57,8,1,0
BRDA:59,9,0,0
BRDA:59,9,1,0
BRDA:60,10,0,0
BRDA:60,10,1,0
BRDA:61,11,0,0
BRDA:61,11,1,0
BRDA:82,12,0,0
BRDA:82,12,1,0
BRDA:85,13,0,0
BRDA:85,13,1,0
BRDA:89,14,0,0
BRDA:89,14,1,0
BRDA:146,15,0,0
BRDA:146,15,1,0
BRDA:185,16,0,0
BRDA:187,17,0,0
BRDA:188,18,0,0
BRDA:189,19,0,0
BRDA:190,20,0,0
BRDA:191,21,0,0
BRDA:192,22,0,0
BRDA:193,23,0,0
BRDA:194,24,0,0
BRDA:201,25,0,0
BRDA:201,25,1,0
BRDA:205,26,0,0
BRDA:205,26,1,0
BRDA:209,27,0,0
BRDA:209,27,1,0
BRDA:213,28,0,0
BRDA:213,28,1,0
BRDA:217,29,0,0
BRDA:217,29,1,0
BRDA:218,30,0,0
BRDA:218,30,1,0
BRDA:273,31,0,0
BRDA:275,32,0,0
BRDA:276,33,0,0
BRDA:277,34,0,0
BRDA:278,35,0,0
BRDA:279,36,0,0
BRDA:293,37,0,0
BRDA:293,37,1,0
BRDA:297,38,0,0
BRDA:297,38,1,0
BRDA:301,39,0,0
BRDA:301,39,1,0
BRDA:333,40,0,0
BRDA:344,41,0,0
BRDA:344,41,1,0
BRDA:344,42,0,0
BRDA:344,42,1,0
BRDA:348,43,0,0
BRDA:348,43,1,0
BRDA:348,44,0,0
BRDA:348,44,1,0
BRDA:364,45,0,0
BRDA:387,46,0,0
BRDA:388,47,0,0
BRDA:388,48,0,0
BRDA:392,49,0,0
BRDA:392,49,1,0
BRDA:396,50,0,0
BRDA:396,50,1,0
BRDA:418,51,0,0
BRDA:418,51,1,0
BRDA:419,52,0,0
BRDA:419,52,1,0
BRDA:420,53,0,0
BRDA:420,53,1,0
BRDA:421,54,0,0
BRDA:421,54,1,0
BRDA:422,55,0,0
BRDA:422,55,1,0
BRDA:423,56,0,0
BRDA:423,56,1,0
BRDA:424,57,0,0
BRDA:424,57,1,0
BRDA:425,58,0,0
BRDA:425,58,1,0
BRDA:432,59,0,0
BRDA:469,60,0,0
BRDA:469,60,1,0
BRDA:492,61,0,0
BRDA:492,61,1,0
BRDA:493,62,0,0
BRDA:493,62,1,0
BRDA:494,63,0,0
BRDA:494,63,1,0
BRDA:495,64,0,0
BRDA:495,64,1,0
BRDA:496,65,0,0
BRDA:496,65,1,0
BRDA:497,66,0,0
BRDA:497,66,1,0
BRDA:511,67,0,0
BRDA:512,68,0,0
BRDA:512,69,0,0
BRDA:512,70,0,0
BRDA:512,71,0,0
BRDA:516,72,0,0
BRDA:516,72,1,0
BRDA:520,73,0,0
BRDA:520,73,1,0
BRDA:524,74,0,0
BRDA:524,74,1,0
BRDA:528,75,0,0
BRDA:528,75,1,0
BRDA:543,76,0,0
BRDA:543,76,1,0
BRDA:546,77,0,0
BRDA:546,77,1,0
BRDA:547,78,0,0
BRDA:547,78,1,0
BRDA:548,79,0,0
BRDA:548,79,1,0
BRDA:549,80,0,0
BRDA:549,80,1,0
BRDA:550,81,0,0
BRDA:550,81,1,0
BRDA:551,82,0,0
BRDA:551,82,1,0
BRDA:558,83,0,0
BRDA:560,84,0,0
BRDA:561,85,0,0
BRDA:562,86,0,0
BRDA:563,87,0,0
BRDA:564,88,0,0
BRDA:565,89,0,0
BRDA:566,90,0,0
BRDA:567,91,0,0
BRDA:568,92,0,0
BRDA:569,93,0,0
BRDA:576,94,0,0
BRDA:576,94,1,0
BRDA:580,95,0,0
BRDA:580,95,1,0
BRDA:584,96,0,0
BRDA:584,96,1,0
BRDA:588,97,0,0
BRDA:588,97,1,0
BRDA:592,98,0,0
BRDA:592,98,1,0
BRDA:602,99,0,0
BRDA:602,99,1,0
BRDA:603,100,0,0
BRDA:603,100,1,0
BRDA:634,101,0,0
BRDA:634,101,1,0
BRDA:644,102,0,0
BRDA:644,102,1,0
BRF:168
BRH:0
end_of_record
TN:
SF:src\db\rollback.js
FN:11,backupDatabase
FN:59,rollbackMigration
FN:63,(anonymous_2)
FN:96,restoreFromBackup
FN:117,(anonymous_4)
FN:132,testRollback
FNF:6
FNH:0
FNDA:0,backupDatabase
FNDA:0,rollbackMigration
FNDA:0,(anonymous_2)
FNDA:0,restoreFromBackup
FNDA:0,(anonymous_4)
FNDA:0,testRollback
DA:7,0
DA:8,0
DA:12,0
DA:13,0
DA:15,0
DA:17,0
DA:24,0
DA:30,0
DA:31,0
DA:32,0
DA:33,0
DA:35,0
DA:37,0
DA:41,0
DA:43,0
DA:45,0
DA:49,0
DA:54,0
DA:55,0
DA:60,0
DA:62,0
DA:65,0
DA:80,0
DA:81,0
DA:82,0
DA:87,0
DA:88,0
DA:89,0
DA:91,0
DA:97,0
DA:99,0
DA:100,0
DA:102,0
DA:105,0
DA:107,0
DA:108,0
DA:109,0
DA:110,0
DA:112,0
DA:114,0
DA:117,0
DA:118,0
DA:120,0
DA:125,0
DA:128,0
DA:133,0
DA:135,0
DA:137,0
DA:140,0
DA:146,0
DA:147,0
DA:150,0
DA:153,0
DA:154,0
DA:156,0
DA:158,0
DA:159,0
LF:57
LH:0
BRDA:87,0,0,0
BRDA:87,0,1,0
BRDA:112,1,0,0
BRDA:112,1,1,0
BRF:4
BRH:0
end_of_record
TN:
SF:src\db\schema-old.js
FN:34,(anonymous_0)
FN:52,(anonymous_1)
FN:57,(anonymous_2)
FN:100,(anonymous_3)
FN:113,(anonymous_4)
FN:148,(anonymous_5)
FN:196,(anonymous_6)
FN:241,(anonymous_7)
FN:275,(anonymous_8)
FN:310,(anonymous_9)
FN:346,(anonymous_10)
FN:362,(anonymous_11)
FN:371,(anonymous_12)
FN:379,(anonymous_13)
FN:390,(anonymous_14)
FN:398,(anonymous_15)
FNF:16
FNH:0
FNDA:0,(anonymous_0)
FNDA:0,(anonymous_1)
FNDA:0,(anonymous_2)
FNDA:0,(anonymous_3)
FNDA:0,(anonymous_4)
FNDA:0,(anonymous_5)
FNDA:0,(anonymous_6)
FNDA:0,(anonymous_7)
FNDA:0,(anonymous_8)
FNDA:0,(anonymous_9)
FNDA:0,(anonymous_10)
FNDA:0,(anonymous_11)
FNDA:0,(anonymous_12)
FNDA:0,(anonymous_13)
FNDA:0,(anonymous_14)
FNDA:0,(anonymous_15)
DA:23,0
DA:34,0
DA:44,0
DA:52,0
DA:57,0
DA:68,0
DA:100,0
DA:108,0
DA:113,0
DA:148,0
DA:160,0
DA:196,0
DA:203,0
DA:241,0
DA:249,0
DA:275,0
DA:283,0
DA:310,0
DA:318,0
DA:346,0
DA:353,0
DA:362,0
DA:369,0
DA:371,0
DA:379,0
DA:388,0
DA:390,0
DA:398,0
LF:28
LH:0
BRF:0
BRH:0
end_of_record
TN:
SF:src\db\schema.js
FN:29,(anonymous_0)
FN:47,(anonymous_1)
FN:96,(anonymous_2)
FN:119,(anonymous_3)
FN:124,(anonymous_4)
FN:143,(anonymous_5)
FN:152,(anonymous_6)
FN:181,(anonymous_7)
FN:191,(anonymous_8)
FN:223,(anonymous_9)
FN:238,(anonymous_10)
FN:239,(anonymous_11)
FN:268,(anonymous_12)
FN:280,(anonymous_13)
FN:281,(anonymous_14)
FN:299,(anonymous_15)
FN:310,(anonymous_16)
FN:311,(anonymous_17)
FN:312,(anonymous_18)
FN:355,(anonymous_19)
FN:370,(anonymous_20)
FN:371,(anonymous_21)
FN:372,(anonymous_22)
FN:391,(anonymous_23)
FN:401,(anonymous_24)
FN:427,(anonymous_25)
FN:440,(anonymous_26)
FN:452,(anonymous_27)
FN:472,(anonymous_28)
FN:485,(anonymous_29)
FN:493,(anonymous_30)
FN:503,(anonymous_31)
FN:517,(anonymous_32)
FN:521,(anonymous_33)
FN:564,(anonymous_34)
FN:608,(anonymous_35)
FN:619,(anonymous_36)
FN:661,(anonymous_37)
FN:662,(anonymous_38)
FN:674,(anonymous_39)
FN:689,(anonymous_40)
FN:692,(anonymous_41)
FN:717,(anonymous_42)
FN:732,(anonymous_43)
FN:744,(anonymous_44)
FN:775,(anonymous_45)
FN:786,(anonymous_46)
FN:787,(anonymous_47)
FN:827,(anonymous_48)
FN:840,(anonymous_49)
FN:841,(anonymous_50)
FN:870,(anonymous_51)
FN:880,(anonymous_52)
FN:910,(anonymous_53)
FN:935,(anonymous_54)
FN:949,(anonymous_55)
FN:956,(anonymous_56)
FN:957,(anonymous_57)
FN:958,(anonymous_58)
FN:964,(anonymous_59)
FN:965,(anonymous_60)
FN:967,(anonymous_61)
FN:999,(anonymous_62)
FN:1031,(anonymous_63)
FN:1062,(anonymous_64)
FN:1076,(anonymous_65)
FNF:66
FNH:0
FNDA:0,(anonymous_0)
FNDA:0,(anonymous_1)
FNDA:0,(anonymous_2)
FNDA:0,(anonymous_3)
FNDA:0,(anonymous_4)
FNDA:0,(anonymous_5)
FNDA:0,(anonymous_6)
FNDA:0,(anonymous_7)
FNDA:0,(anonymous_8)
FNDA:0,(anonymous_9)
FNDA:0,(anonymous_10)
FNDA:0,(anonymous_11)
FNDA:0,(anonymous_12)
FNDA:0,(anonymous_13)
FNDA:0,(anonymous_14)
FNDA:0,(anonymous_15)
FNDA:0,(anonymous_16)
FNDA:0,(anonymous_17)
FNDA:0,(anonymous_18)
FNDA:0,(anonymous_19)
FNDA:0,(anonymous_20)
FNDA:0,(anonymous_21)
FNDA:0,(anonymous_22)
FNDA:0,(anonymous_23)
FNDA:0,(anonymous_24)
FNDA:0,(anonymous_25)
FNDA:0,(anonymous_26)
FNDA:0,(anonymous_27)
FNDA:0,(anonymous_28)
FNDA:0,(anonymous_29)
FNDA:0,(anonymous_30)
FNDA:0,(anonymous_31)
FNDA:0,(anonymous_32)
FNDA:0,(anonymous_33)
FNDA:0,(anonymous_34)
FNDA:0,(anonymous_35)
FNDA:0,(anonymous_36)
FNDA:0,(anonymous_37)
FNDA:0,(anonymous_38)
FNDA:0,(anonymous_39)
FNDA:0,(anonymous_40)
FNDA:0,(anonymous_41)
FNDA:0,(anonymous_42)
FNDA:0,(anonymous_43)
FNDA:0,(anonymous_44)
FNDA:0,(anonymous_45)
FNDA:0,(anonymous_46)
FNDA:0,(anonymous_47)
FNDA:0,(anonymous_48)
FNDA:0,(anonymous_49)
FNDA:0,(anonymous_50)
FNDA:0,(anonymous_51)
FNDA:0,(anonymous_52)
FNDA:0,(anonymous_53)
FNDA:0,(anonymous_54)
FNDA:0,(anonymous_55)
FNDA:0,(anonymous_56)
FNDA:0,(anonymous_57)
FNDA:0,(anonymous_58)
FNDA:0,(anonymous_59)
FNDA:0,(anonymous_60)
FNDA:0,(anonymous_61)
FNDA:0,(anonymous_62)
FNDA:0,(anonymous_63)
FNDA:0,(anonymous_64)
FNDA:0,(anonymous_65)
DA:21,0
DA:29,0
DA:36,0
DA:47,0
DA:57,0
DA:96,0
DA:110,0
DA:119,0
DA:124,0
DA:135,0
DA:143,0
DA:150,0
DA:152,0
DA:181,0
DA:189,0
DA:191,0
DA:223,0
DA:235,0
DA:238,0
DA:239,0
DA:268,0
DA:278,0
DA:280,0
DA:281,0
DA:299,0
DA:305,0
DA:310,0
DA:311,0
DA:312,0
DA:355,0
DA:368,0
DA:370,0
DA:371,0
DA:372,0
DA:391,0
DA:398,0
DA:401,0
DA:427,0
DA:438,0
DA:440,0
DA:452,0
DA:472,0
DA:483,0
DA:485,0
DA:493,0
DA:501,0
DA:503,0
DA:517,0
DA:521,0
DA:531,0
DA:564,0
DA:571,0
DA:608,0
DA:616,0
DA:619,0
DA:661,0
DA:662,0
DA:674,0
DA:687,0
DA:689,0
DA:692,0
DA:717,0
DA:732,0
DA:741,0
DA:744,0
DA:775,0
DA:784,0
DA:786,0
DA:787,0
DA:827,0
DA:838,0
DA:840,0
DA:841,0
DA:870,0
DA:880,0
DA:910,0
DA:928,0
DA:935,0
DA:941,0
DA:949,0
DA:955,0
DA:956,0
DA:957,0
DA:958,0
DA:963,0
DA:964,0
DA:965,0
DA:967,0
DA:976,0
DA:999,0
DA:1007,0
DA:1031,0
DA:1039,0
DA:1062,0
DA:1072,0
DA:1076,0
LF:96
LH:0
BRF:0
BRH:0
end_of_record
TN:
SF:src\db\supplier-purchase-order-queries.js
FN:28,createSupplierPurchaseOrder
FN:29,(anonymous_1)
FN:43,(anonymous_2)
FN:57,(anonymous_3)
FN:78,createPurchaseOrderFromPriceList
FN:79,(anonymous_5)
FN:112,(anonymous_6)
FN:128,(anonymous_7)
FN:148,getSupplierPurchaseOrderById
FN:193,getSupplierPurchaseOrders
FN:276,updateSupplierPurchaseOrderStatus
FN:311,updatePurchaseOrderItemQuantities
FN:346,createPurchaseOrderReceipt
FN:347,(anonymous_13)
FN:361,(anonymous_14)
FN:396,processReceiptToInventory
FN:397,(anonymous_16)
FN:524,getPurchaseOrderAnalytics
FN:569,(anonymous_18)
FN:570,(anonymous_19)
FN:579,getPendingApprovals
FN:599,getOrdersReadyForReceiving
FNF:22
FNH:0
FNDA:0,createSupplierPurchaseOrder
FNDA:0,(anonymous_1)
FNDA:0,(anonymous_2)
FNDA:0,(anonymous_3)
FNDA:0,createPurchaseOrderFromPriceList
FNDA:0,(anonymous_5)
FNDA:0,(anonymous_6)
FNDA:0,(anonymous_7)
FNDA:0,getSupplierPurchaseOrderById
FNDA:0,getSupplierPurchaseOrders
FNDA:0,updateSupplierPurchaseOrderStatus
FNDA:0,updatePurchaseOrderItemQuantities
FNDA:0,createPurchaseOrderReceipt
FNDA:0,(anonymous_13)
FNDA:0,(anonymous_14)
FNDA:0,processReceiptToInventory
FNDA:0,(anonymous_16)
FNDA:0,getPurchaseOrderAnalytics
FNDA:0,(anonymous_18)
FNDA:0,(anonymous_19)
FNDA:0,getPendingApprovals
FNDA:0,getOrdersReadyForReceiving
DA:29,0
DA:31,0
DA:41,0
DA:42,0
DA:43,0
DA:49,0
DA:54,0
DA:57,0
DA:58,0
DA:67,0
DA:79,0
DA:81,0
DA:93,0
DA:94,0
DA:98,0
DA:106,0
DA:112,0
DA:122,0
DA:128,0
DA:129,0
DA:137,0
DA:149,0
DA:176,0
DA:179,0
DA:185,0
DA:204,0
DA:206,0
DA:224,0
DA:225,0
DA:226,0
DA:227,0
DA:228,0
DA:229,0
DA:231,0
DA:232,0
DA:236,0
DA:237,0
DA:242,0
DA:245,0
DA:249,0
DA:250,0
DA:253,0
DA:255,0
DA:277,0
DA:280,0
DA:282,0
DA:283,0
DA:284,0
DA:286,0
DA:287,0
DA:289,0
DA:290,0
DA:292,0
DA:293,0
DA:296,0
DA:302,0
DA:312,0
DA:315,0
DA:316,0
DA:321,0
DA:322,0
DA:323,0
DA:324,0
DA:328,0
DA:334,0
DA:347,0
DA:349,0
DA:359,0
DA:360,0
DA:361,0
DA:366,0
DA:371,0
DA:374,0
DA:375,0
DA:386,0
DA:397,0
DA:399,0
DA:404,0
DA:405,0
DA:408,0
DA:413,0
DA:414,0
DA:416,0
DA:417,0
DA:419,0
DA:429,0
DA:431,0
DA:441,0
DA:448,0
DA:462,0
DA:470,0
DA:489,0
DA:494,0
DA:499,0
DA:508,0
DA:525,0
DA:527,0
DA:536,0
DA:537,0
DA:538,0
DA:539,0
DA:541,0
DA:542,0
DA:545,0
DA:549,0
DA:565,0
DA:569,0
DA:570,0
DA:580,0
DA:600,0
LF:110
LH:0
BRDA:28,0,0,0
[...]
BRDA:195,32,0,0
BRDA:195,32,1,0
BRDA:195,32,2,0
BRDA:195,32,3,0
BRDA:195,32,4,0
BRDA:195,32,5,0
BRDA:196,33,0,0
BRDA:196,33,1,0
BRDA:196,33,2,0
BRDA:196,33,3,0
BRDA:196,33,4,0
BRDA:197,34,0,0
BRDA:197,34,1,0
BRDA:197,34,2,0
BRDA:197,34,3,0
BRDA:197,34,4,0
BRDA:198,35,0,0
BRDA:198,35,1,0
BRDA:198,35,2,0
BRDA:199,36,0,0
BRDA:199,36,1,0
BRDA:199,36,2,0
BRDA:199,36,3,0
BRDA:200,37,0,0
BRDA:200,37,1,0
BRDA:200,37,2,0
BRDA:200,37,3,0
BRDA:210,38,0,0
BRDA:210,38,1,0
BRDA:210,39,0,0
BRDA:210,39,1,0
BRDA:212,40,0,0
BRDA:212,40,1,0
BRDA:212,40,2,0
BRDA:212,40,3,0
BRDA:213,41,0,0
BRDA:213,41,1,0
BRDA:213,41,2,0
BRDA:214,42,0,0
BRDA:214,42,1,0
BRDA:218,43,0,0
BRDA:218,43,1,0
BRDA:218,44,0,0
BRDA:218,44,1,0
BRDA:220,45,0,0
BRDA:220,45,1,0
BRDA:220,45,2,0
BRDA:221,46,0,0
BRDA:221,46,1,0
BRDA:221,46,2,0
BRDA:222,47,0,0
BRDA:222,47,1,0
BRDA:230,48,0,0
BRDA:230,48,1,0
BRDA:230,49,0,0
BRDA:230,49,1,0
BRDA:242,50,0,0
BRDA:242,50,1,0
BRDA:245,51,0,0
BRDA:245,51,1,0
BRDA:263,52,0,0
BRDA:263,52,1,0
BRDA:269,53,0,0
BRDA:269,53,1,0
BRDA:278,54,0,0
BRDA:278,54,1,0
BRDA:278,55,0,0
BRDA:278,55,1,0
BRDA:288,56,0,0
BRDA:288,56,1,0
BRDA:288,57,0,0
BRDA:288,57,1,0
BRDA:291,58,0,0
BRDA:291,58,1,0
BRDA:291,59,0,0
BRDA:291,59,1,0
BRDA:295,60,0,0
BRDA:295,60,1,0
BRDA:295,61,0,0
BRDA:295,61,1,0
BRDA:302,62,0,0
BRDA:302,62,1,0
BRDA:318,63,0,0
BRDA:325,64,0,0
BRDA:325,64,1,0
BRDA:340,65,0,0
BRDA:340,65,1,0
BRDA:340,65,2,0
BRDA:345,66,0,0
BRDA:345,66,1,0
BRDA:345,66,2,0
BRDA:345,66,3,0
BRDA:348,67,0,0
BRDA:348,67,1,0
BRDA:348,68,0,0
BRDA:348,68,1,0
BRDA:349,69,0,0
BRDA:349,69,1,0
BRDA:350,70,0,0
BRDA:350,70,1,0
BRDA:351,71,0,0
BRDA:351,71,1,0
BRDA:356,72,0,0
BRDA:356,72,1,0
BRF:168
BRH:0
end_of_record
TN:
SF:src\utils\file-parsers\pdf-parser.js
FN:9,(anonymous_0)
FN:40,parsePDF
FN:82,parseTextContent
FN:83,(anonymous_3)
FN:83,(anonymous_4)
FN:175,parseTierPricingFromText
FN:178,(anonymous_6)
FN:180,(anonymous_7)
FN:195,(anonymous_8)
FN:197,(anonymous_9)
FN:203,validatePDFStructure
FN:226,(anonymous_11)
FN:227,(anonymous_12)
FN:238,(anonymous_13)
FN:256,generatePDFTemplate
FN:286,analyzePDF
FNF:16
FNH:0
FNDA:0,(anonymous_0)
FNDA:0,parsePDF
FNDA:0,parseTextContent
FNDA:0,(anonymous_3)
FNDA:0,(anonymous_4)
FNDA:0,parseTierPricingFromText
FNDA:0,(anonymous_6)
FNDA:0,(anonymous_7)
FNDA:0,(anonymous_8)
FNDA:0,(anonymous_9)
FNDA:0,validatePDFStructure
FNDA:0,(anonymous_11)
FNDA:0,(anonymous_12)
FNDA:0,(anonymous_13)
FNDA:0,generatePDFTemplate
FNDA:0,analyzePDF
DA:9,0
DA:11,0
DA:26,0
DA:30,0
DA:45,0
DA:47,0
DA:49,0
DA:50,0
DA:52,0
DA:53,0
DA:57,0
DA:59,0
DA:69,0
DA:83,0
DA:84,0
DA:85,0
DA:86,0
DA:87,0
DA:88,0
DA:91,0
DA:92,0
DA:93,0
DA:95,0
DA:96,0
DA:98,0
DA:99,0
DA:104,0
DA:105,0
DA:106,0
DA:109,0
DA:110,0
DA:111,0
DA:115,0
DA:118,0
DA:119,0
DA:120,0
DA:121,0
DA:123,0
DA:134,0
DA:135,0
DA:140,0
DA:143,0
DA:144,0
DA:149,0
DA:152,0
DA:154,0
DA:164,0
DA:166,0
DA:176,0
DA:178,0
DA:179,0
DA:180,0
DA:182,0
DA:183,0
DA:184,0
DA:187,0
DA:195,0
DA:196,0
DA:197,0
DA:204,0
DA:206,0
DA:207,0
DA:208,0
DA:215,0
DA:216,0
DA:218,0
DA:219,0
DA:226,0
DA:227,0
DA:229,0
DA:230,0
DA:238,0
DA:240,0
DA:248,0
DA:258,0
DA:282,0
DA:287,0
DA:288,0
DA:289,0
DA:291,0
DA:299,0
LF:81
LH:0
BRDA:40,0,0,0
BRDA:42,1,0,0
BRDA:43,2,0,0
BRDA:44,3,0,0
BRDA:52,4,0,0
BRDA:52,4,1,0
BRDA:52,5,0,0
BRDA:52,5,1,0
BRDA:60,6,0,0
BRDA:60,6,1,0
BRDA:82,7,0,0
BRDA:92,8,0,0
BRDA:92,8,1,0
BRDA:95,9,0,0
BRDA:95,9,1,0
BRDA:98,10,0,0
BRDA:98,10,1,0
BRDA:109,11,0,0
BRDA:109,11,1,0
BRDA:115,12,0,0
BRDA:115,12,1,0
BRDA:119,13,0,0
BRDA:119,13,1,0
BRDA:134,14,0,0
BRDA:134,14,1,0
BRDA:143,15,0,0
BRDA:143,15,1,0
BRDA:143,16,0,0
BRDA:143,16,1,0
BRDA:182,17,0,0
BRDA:182,17,1,0
BRDA:183,18,0,0
BRDA:183,18,1,0
BRDA:196,19,0,0
BRDA:196,19,1,0
BRDA:196,20,0,0
BRDA:196,20,1,0
BRDA:203,21,0,0
BRDA:207,22,0,0
BRDA:207,22,1,0
BRDA:218,23,0,0
BRDA:218,23,1,0
BRDA:218,24,0,0
BRDA:218,24,1,0
BRDA:229,25,0,0
BRDA:229,25,1,0
BRDA:243,26,0,0
BRDA:243,26,1,0
BRDA:292,27,0,0
BRDA:292,27,1,0
BRDA:293,28,0,0
BRDA:293,28,1,0
BRDA:294,29,0,0
BRDA:294,29,1,0
BRDA:295,30,0,0
BRDA:295,30,1,0
BRDA:295,31,0,0
BRDA:295,31,1,0
BRDA:296,32,0,0
BRDA:296,32,1,0
BRF:60
BRH:0
end_of_record
TN:
SF:src\utils\file-parsers\validation.js
FN:48,validatePriceListData
FN:99,validatePriceListMetadata
FN:152,validatePerformance
FN:175,validateItems
FN:185,(anonymous_4)
FN:217,validateSingleItem
FN:233,(anonymous_6)
FN:234,(anonymous_7)
FN:235,(anonymous_8)
FN:249,(anonymous_9)
FN:250,(anonymous_10)
FN:276,(anonymous_11)
FN:277,(anonymous_12)
FN:305,(anonymous_13)
FN:306,(anonymous_14)
FN:307,(anonymous_15)
FN:314,validateSKU
FN:345,(anonymous_17)
FN:362,validatePrice
FN:395,validateDescription
FN:417,(anonymous_20)
FN:433,validateTierPricing
FN:447,(anonymous_22)
FN:485,(anonymous_23)
FN:523,generateValidationSummary
FN:524,(anonymous_25)
FN:524,(anonymous_26)
FN:525,(anonymous_27)
FN:525,(anonymous_28)
FN:526,(anonymous_29)
FN:542,generateRecommendations
FN:582,(anonymous_31)
FN:582,(anonymous_32)
FN:596,calculateProcessingTime
FNF:34
FNH:0
FNDA:0,validatePriceListData
FNDA:0,validatePriceListMetadata
FNDA:0,validatePerformance
FNDA:0,validateItems
FNDA:0,(anonymous_4)
FNDA:0,validateSingleItem
FNDA:0,(anonymous_6)
FNDA:0,(anonymous_7)
FNDA:0,(anonymous_8)
FNDA:0,(anonymous_9)
FNDA:0,(anonymous_10)
FNDA:0,(anonymous_11)
FNDA:0,(anonymous_12)
FNDA:0,(anonymous_13)
FNDA:0,(anonymous_14)
FNDA:0,(anonymous_15)
FNDA:0,validateSKU
FNDA:0,(anonymous_17)
FNDA:0,validatePrice
FNDA:0,validateDescription
FNDA:0,(anonymous_20)
FNDA:0,validateTierPricing
FNDA:0,(anonymous_22)
FNDA:0,(anonymous_23)
FNDA:0,generateValidationSummary
FNDA:0,(anonymous_25)
FNDA:0,(anonymous_26)
FNDA:0,(anonymous_27)
FNDA:0,(anonymous_28)
FNDA:0,(anonymous_29)
FNDA:0,generateRecommendations
FNDA:0,(anonymous_31)
FNDA:0,(anonymous_32)
FNDA:0,calculateProcessingTime
DA:5,0
DA:39,0
DA:54,0
DA:56,0
DA:57,0
DA:58,0
DA:59,0
DA:62,0
DA:63,0
DA:64,0
DA:67,0
DA:68,0
DA:69,0
DA:70,0
DA:74,0
DA:80,0
DA:81,0
DA:82,0
DA:85,0
DA:87,0
DA:100,0
DA:101,0
DA:103,0
DA:104,0
DA:111,0
DA:112,0
DA:119,0
DA:120,0
DA:121,0
DA:127,0
DA:135,0
DA:136,0
DA:137,0
DA:139,0
DA:140,0
DA:148,0
DA:153,0
DA:154,0
DA:156,0
DA:157,0
DA:162,0
DA:163,0
DA:171,0
DA:176,0
DA:177,0
DA:178,0
DA:179,0
DA:182,0
DA:183,0
DA:185,0
DA:186,0
DA:189,0
DA:190,0
DA:191,0
DA:193,0
DA:197,0
DA:198,0
DA:199,0
DA:200,0
DA:204,0
DA:205,0
DA:213,0
DA:218,0
DA:219,0
DA:220,0
DA:223,0
DA:224,0
DA:232,0
DA:233,0
DA:234,0
DA:235,0
DA:239,0
DA:240,0
DA:247,0
DA:248,0
DA:249,0
DA:250,0
DA:254,0
DA:255,0
DA:256,0
DA:264,0
DA:274,0
DA:275,0
DA:276,0
DA:277,0
DA:281,0
DA:282,0
DA:292,0
DA:293,0
DA:303,0
DA:304,0
DA:305,0
DA:306,0
DA:307,0
DA:310,0
DA:315,0
DA:316,0
DA:317,0
DA:319,0
DA:320,0
DA:327,0
DA:328,0
DA:335,0
DA:336,0
DA:343,0
DA:345,0
DA:346,0
DA:349,0
DA:350,0
DA:358,0
DA:363,0
DA:364,0
DA:366,0
DA:367,0
DA:374,0
DA:375,0
DA:383,0
DA:384,0
DA:391,0
DA:396,0
DA:397,0
DA:399,0
DA:400,0
DA:407,0
DA:408,0
DA:416,0
DA:417,0
DA:418,0
DA:421,0
DA:422,0
DA:429,0
DA:434,0
DA:435,0
DA:436,0
DA:438,0
DA:439,0
DA:447,0
DA:448,0
DA:449,0
DA:456,0
DA:457,0
DA:465,0
DA:466,0
DA:474,0
DA:475,0
DA:476,0
DA:485,0
DA:486,0
DA:487,0
DA:488,0
DA:491,0
DA:492,0
DA:500,0
DA:501,0
DA:509,0
DA:510,0
DA:511,0
DA:519,0
DA:524,0
DA:525,0
DA:526,0
DA:528,0
DA:543,0
DA:545,0
DA:546,0
DA:554,0
DA:555,0
DA:563,0
DA:564,0
DA:572,0
DA:573,0
DA:582,0
DA:583,0
DA:584,0
DA:592,0
DA:598,0
DA:600,0
DA:601,0
DA:602,0
DA:603,0
DA:605,0
LF:181
LH:0
BRDA:48,0,0,0
BRDA:50,1,0,0
BRDA:51,2,0,0
BRDA:52,3,0,0
BRDA:53,4,0,0
BRDA:67,5,0,0
BRDA:67,5,1,0
BRDA:99,6,0,0
BRDA:103,7,0,0
BRDA:103,7,1,0
BRDA:111,8,0,0
BRDA:111,8,1,0
BRDA:119,9,0,0
BRDA:119,9,1,0
BRDA:119,10,0,0
BRDA:119,10,1,0
BRDA:120,11,0,0
BRDA:120,11,1,0
BRDA:135,12,0,0
BRDA:135,12,1,0
BRDA:139,13,0,0
BRDA:139,13,1,0
BRDA:156,14,0,0
BRDA:156,14,1,0
BRDA:162,15,0,0
BRDA:162,15,1,0
BRDA:175,16,0,0
BRDA:176,17,0,0
BRDA:176,18,0,0
BRDA:176,19,0,0
BRDA:189,20,0,0
BRDA:189,20,1,0
BRDA:190,21,0,0
BRDA:190,21,1,0
BRDA:204,22,0,0
BRDA:204,22,1,0
BRDA:217,23,0,0
BRDA:217,24,0,0
BRDA:223,25,0,0
BRDA:223,25,1,0
BRDA:223,26,0,0
BRDA:223,26,1,0
BRDA:239,27,0,0
BRDA:239,27,1,0
BRDA:239,28,0,0
BRDA:239,28,1,0
BRDA:239,28,2,0
BRDA:247,29,0,0
BRDA:247,29,1,0
BRDA:254,30,0,0
BRDA:254,30,1,0
BRDA:254,31,0,0
BRDA:254,31,1,0
BRDA:255,32,0,0
BRDA:255,32,1,0
BRDA:274,33,0,0
BRDA:274,33,1,0
BRDA:274,34,0,0
BRDA:274,34,1,0
BRDA:281,35,0,0
BRDA:281,35,1,0
BRDA:281,36,0,0
BRDA:281,36,1,0
BRDA:281,36,2,0
BRDA:292,37,0,0
BRDA:292,37,1,0
BRDA:292,38,0,0
BRDA:292,38,1,0
BRDA:303,39,0,0
BRDA:303,39,1,0
BRDA:303,40,0,0
BRDA:303,40,1,0
BRDA:314,41,0,0
BRDA:319,42,0,0
BRDA:319,42,1,0
BRDA:327,43,0,0
BRDA:327,43,1,0
BRDA:335,44,0,0
BRDA:335,44,1,0
BRDA:343,45,0,0
BRDA:343,45,1,0
BRDA:349,46,0,0
BRDA:349,46,1,0
BRDA:366,47,0,0
BRDA:366,47,1,0
BRDA:374,48,0,0
BRDA:374,48,1,0
BRDA:383,49,0,0
BRDA:383,49,1,0
BRDA:383,50,0,0
BRDA:383,50,1,0
BRDA:399,51,0,0
BRDA:399,51,1,0
BRDA:407,52,0,0
BRDA:407,52,1,0
BRDA:421,53,0,0
BRDA:421,53,1,0
BRDA:438,54,0,0
BRDA:438,54,1,0
BRDA:448,55,0,0
BRDA:448,55,1,0
BRDA:448,56,0,0
BRDA:448,56,1,0
BRDA:456,57,0,0
BRDA:456,57,1,0
BRDA:456,58,0,0
BRDA:456,58,1,0
BRDA:465,59,0,0
BRDA:465,59,1,0
BRDA:475,60,0,0
BRDA:475,60,1,0
BRDA:491,61,0,0
BRDA:491,61,1,0
BRDA:500,62,0,0
BRDA:500,62,1,0
BRDA:510,63,0,0
BRDA:510,63,1,0
BRDA:526,64,0,0
BRDA:526,64,1,0
BRDA:536,65,0,0
BRDA:536,65,1,0
BRDA:545,66,0,0
BRDA:545,66,1,0
BRDA:554,67,0,0
BRDA:554,67,1,0
BRDA:563,68,0,0
BRDA:563,68,1,0
BRDA:572,69,0,0
BRDA:572,69,1,0
BRDA:583,70,0,0
BRDA:583,70,1,0
BRDA:600,71,0,0
BRDA:600,71,1,0
BRDA:602,72,0,0
BRDA:602,72,1,0
BRF:135
BRH:0
end_of_record
TN:
SF:src\utils\file-parsers\word-parser.js
FN:17,parseWord
FN:29,(anonymous_1)
FN:30,(anonymous_2)
FN:93,parseTablesFromHtml
FN:118,(anonymous_4)
FN:139,(anonymous_5)
FN:144,(anonymous_6)
FN:180,parseTextContent
FN:186,(anonymous_8)
FN:186,(anonymous_9)
FN:305,isHeaderRow
FN:314,(anonymous_11)
FN:323,mapColumnIndices
FN:330,(anonymous_13)
FN:341,extractItemFromRow
FN:382,parseTierPricing
FN:389,(anonymous_16)
FN:406,(anonymous_17)
FN:412,extractDocumentMetadata
FN:440,validateWordStructure
FN:445,(anonymous_20)
FN:498,generateWordTemplate
FNF:22
FNH:0
FNDA:0,parseWord
FNDA:0,(anonymous_1)
FNDA:0,(anonymous_2)
FNDA:0,parseTablesFromHtml
FNDA:0,(anonymous_4)
FNDA:0,(anonymous_5)
FNDA:0,(anonymous_6)
FNDA:0,parseTextContent
FNDA:0,(anonymous_8)
FNDA:0,(anonymous_9)
FNDA:0,isHeaderRow
FNDA:0,(anonymous_11)
FNDA:0,mapColumnIndices
FNDA:0,(anonymous_13)
FNDA:0,extractItemFromRow
FNDA:0,parseTierPricing
FNDA:0,(anonymous_16)
FNDA:0,(anonymous_17)
FNDA:0,extractDocumentMetadata
FNDA:0,validateWordStructure
FNDA:0,(anonymous_20)
FNDA:0,generateWordTemplate
DA:7,0
DA:22,0
DA:24,0
DA:26,0
DA:30,0
DA:31,0
DA:39,0
DA:40,0
DA:43,0
DA:44,0
DA:47,0
DA:48,0
DA:49,0
DA:51,0
DA:52,0
DA:53,0
DA:54,0
DA:55,0
DA:59,0
DA:60,0
DA:61,0
DA:62,0
DA:63,0
DA:67,0
DA:68,0
DA:70,0
DA:80,0
DA:94,0
DA:95,0
DA:96,0
DA:99,0
DA:100,0
DA:102,0
DA:103,0
DA:106,0
DA:107,0
DA:109,0
DA:112,0
DA:113,0
DA:115,0
DA:116,0
DA:117,0
DA:118,0
DA:119,0
DA:123,0
DA:124,0
DA:125,0
DA:126,0
DA:130,0
DA:133,0
DA:136,0
DA:137,0
DA:138,0
DA:139,0
DA:140,0
DA:144,0
DA:146,0
DA:147,0
DA:149,0
DA:150,0
DA:151,0
DA:152,0
DA:160,0
DA:171,0
DA:172,0
DA:173,0
DA:176,0
DA:181,0
DA:182,0
DA:183,0
DA:186,0
DA:189,0
DA:198,0
DA:200,0
DA:201,0
DA:204,0
DA:207,0
DA:208,0
DA:212,0
DA:213,0
DA:214,0
DA:217,0
DA:218,0
DA:219,0
DA:223,0
DA:226,0
DA:230,0
DA:233,0
DA:234,0
DA:235,0
DA:236,0
DA:244,0
DA:248,0
DA:249,0
DA:250,0
DA:251,0
DA:252,0
DA:260,0
DA:265,0
DA:266,0
DA:267,0
DA:268,0
DA:269,0
DA:277,0
DA:282,0
DA:284,0
DA:285,0
DA:286,0
DA:296,0
DA:297,0
DA:298,0
DA:301,0
DA:306,0
DA:308,0
DA:311,0
DA:312,0
DA:313,0
DA:314,0
DA:315,0
DA:319,0
DA:324,0
DA:326,0
DA:327,0
DA:328,0
DA:330,0
DA:331,0
DA:332,0
DA:337,0
DA:342,0
DA:352,0
DA:353,0
DA:354,0
DA:355,0
DA:356,0
DA:361,0
DA:362,0
DA:366,0
DA:367,0
DA:368,0
DA:369,0
DA:374,0
DA:375,0
DA:378,0
DA:384,0
DA:385,0
DA:387,0
DA:388,0
DA:389,0
DA:391,0
DA:392,0
DA:395,0
DA:396,0
DA:398,0
DA:399,0
DA:406,0
DA:413,0
DA:415,0
DA:417,0
DA:418,0
DA:420,0
DA:421,0
DA:422,0
DA:424,0
DA:425,0
DA:426,0
DA:427,0
DA:428,0
DA:429,0
DA:436,0
DA:441,0
DA:443,0
DA:445,0
DA:446,0
DA:453,0
DA:456,0
DA:459,0
DA:460,0
DA:462,0
DA:463,0
DA:465,0
DA:466,0
DA:467,0
DA:470,0
DA:471,0
DA:474,0
DA:475,0
DA:478,0
DA:490,0
DA:499,0
LF:189
LH:0
BRDA:17,0,0,0
BRDA:19,1,0,0
BRDA:20,2,0,0
BRDA:21,3,0,0
BRDA:51,4,0,0
BRDA:51,4,1,0
BRDA:59,5,0,0
BRDA:59,5,1,0
BRDA:59,6,0,0
BRDA:59,6,1,0
BRDA:59,6,2,0
BRDA:71,7,0,0
BRDA:71,7,1,0
BRDA:93,8,0,0
BRDA:100,9,0,0
BRDA:100,9,1,0
BRDA:107,10,0,0
BRDA:107,10,1,0
BRDA:109,11,0,0
BRDA:109,11,1,0
BRDA:117,12,0,0
BRDA:117,12,1,0
BRDA:123,13,0,0
BRDA:123,13,1,0
BRDA:130,14,0,0
BRDA:130,14,1,0
BRDA:138,15,0,0
BRDA:138,15,1,0
BRDA:144,16,0,0
BRDA:144,16,1,0
BRDA:149,17,0,0
BRDA:149,17,1,0
BRDA:149,18,0,0
BRDA:149,18,1,0
BRDA:149,18,2,0
BRDA:149,18,3,0
BRDA:151,19,0,0
BRDA:151,19,1,0
BRDA:151,20,0,0
BRDA:151,20,1,0
BRDA:172,21,0,0
BRDA:172,21,1,0
BRDA:180,22,0,0
BRDA:204,23,0,0
BRDA:204,23,1,0
BRDA:204,24,0,0
BRDA:204,24,1,0
BRDA:204,24,2,0
BRDA:212,25,0,0
BRDA:212,25,1,0
BRDA:212,26,0,0
BRDA:212,26,1,0
BRDA:217,27,0,0
BRDA:217,27,1,0
BRDA:217,28,0,0
BRDA:217,28,1,0
BRDA:223,29,0,0
BRDA:223,29,1,0
BRDA:223,30,0,0
BRDA:223,30,1,0
BRDA:223,30,2,0
BRDA:234,31,0,0
BRDA:234,31,1,0
BRDA:240,32,0,0
BRDA:240,32,1,0
BRDA:241,33,0,0
BRDA:241,33,1,0
BRDA:242,34,0,0
BRDA:242,34,1,0
BRDA:248,35,0,0
BRDA:248,35,1,0
BRDA:250,36,0,0
BRDA:250,36,1,0
BRDA:265,37,0,0
BRDA:265,37,1,0
BRDA:267,38,0,0
BRDA:267,38,1,0
BRDA:282,39,0,0
BRDA:282,39,1,0
BRDA:282,40,0,0
BRDA:282,40,1,0
BRDA:282,40,2,0
BRDA:285,41,0,0
BRDA:285,41,1,0
BRDA:297,42,0,0
BRDA:297,42,1,0
BRDA:306,43,0,0
BRDA:306,43,1,0
BRDA:314,44,0,0
BRDA:314,44,1,0
BRDA:330,45,0,0
BRDA:330,45,1,0
BRDA:330,46,0,0
BRDA:330,46,1,0
BRDA:343,47,0,0
BRDA:343,47,1,0
BRDA:344,48,0,0
BRDA:344,48,1,0
BRDA:352,49,0,0
BRDA:352,49,1,0
BRDA:352,50,0,0
BRDA:352,50,1,0
BRDA:355,51,0,0
BRDA:355,51,1,0
BRDA:361,52,0,0
BRDA:361,52,1,0
BRDA:361,53,0,0
BRDA:361,53,1,0
BRDA:366,54,0,0
BRDA:366,54,1,0
BRDA:366,55,0,0
BRDA:366,55,1,0
BRDA:368,56,0,0
BRDA:368,56,1,0
BRDA:374,57,0,0
BRDA:374,57,1,0
BRDA:374,58,0,0
BRDA:374,58,1,0
BRDA:391,59,0,0
BRDA:391,59,1,0
BRDA:392,60,0,0
BRDA:392,60,1,0
BRDA:420,61,0,0
BRDA:420,61,1,0
BRDA:424,62,0,0
BRDA:424,62,1,0
BRDA:425,63,0,0
BRDA:425,63,1,0
BRDA:426,64,0,0
BRDA:426,64,1,0
BRDA:427,65,0,0
BRDA:427,65,1,0
BRDA:428,66,0,0
BRDA:428,66,1,0
BRDA:429,67,0,0
BRDA:429,67,1,0
BRDA:440,68,0,0
BRDA:445,69,0,0
BRDA:445,69,1,0
BRDA:466,70,0,0
BRDA:466,70,1,0
BRDA:470,71,0,0
BRDA:470,71,1,0
BRDA:474,72,0,0
BRDA:474,72,1,0
BRDA:481,73,0,0
BRDA:481,73,1,0
BRDA:486,74,0,0
BRDA:486,74,1,0
BRF:149
BRH:0
end_of_record
TN:
SF:src\utils\file-parsers\xml-parser.js
FN:15,parseXML
FN:54,findPriceListRoot
FN:88,extractItemsFromXML
FN:127,(anonymous_3)
FN:138,parseXMLItem
FN:217,(anonymous_5)
FN:234,parseTierPricingXML
FN:237,(anonymous_7)
FN:267,(anonymous_8)
FN:271,validateAndStandardizeItems
FN:275,(anonymous_10)
FN:307,validateXMLStructure
FN:347,(anonymous_12)
FN:363,generateXMLTemplate
FNF:14
FNH:0
FNDA:0,parseXML
FNDA:0,findPriceListRoot
FNDA:0,extractItemsFromXML
FNDA:0,(anonymous_3)
FNDA:0,parseXMLItem
FNDA:0,(anonymous_5)
FNDA:0,parseTierPricingXML
FNDA:0,(anonymous_7)
FNDA:0,(anonymous_8)
FNDA:0,validateAndStandardizeItems
FNDA:0,(anonymous_10)
FNDA:0,validateXMLStructure
FNDA:0,(anonymous_12)
FNDA:0,generateXMLTemplate
DA:4,0
DA:16,0
DA:18,0
DA:19,0
DA:20,0
DA:21,0
DA:24,0
DA:25,0
DA:26,0
DA:30,0
DA:33,0
DA:35,0
DA:44,0
DA:56,0
DA:65,0
DA:66,0
DA:67,0
DA:72,0
DA:73,0
DA:74,0
DA:75,0
DA:76,0
DA:77,0
DA:81,0
DA:84,0
DA:89,0
DA:90,0
DA:93,0
DA:94,0
DA:95,0
DA:98,0
DA:99,0
DA:100,0
DA:101,0
DA:102,0
DA:106,0
DA:107,0
DA:114,0
DA:115,0
DA:116,0
DA:117,0
DA:122,0
DA:123,0
DA:127,0
DA:128,0
DA:134,0
DA:139,0
DA:152,0
DA:153,0
DA:154,0
DA:157,0
DA:158,0
DA:159,0
DA:160,0
DA:161,0
DA:165,0
DA:166,0
DA:167,0
DA:168,0
DA:169,0
DA:173,0
DA:174,0
DA:175,0
DA:176,0
DA:177,0
DA:181,0
DA:182,0
DA:183,0
DA:184,0
DA:185,0
DA:189,0
DA:190,0
DA:191,0
DA:192,0
DA:193,0
DA:197,0
DA:198,0
DA:199,0
DA:200,0
DA:201,0
DA:206,0
DA:207,0
DA:208,0
DA:209,0
DA:210,0
DA:211,0
DA:216,0
DA:217,0
DA:218,0
DA:219,0
DA:220,0
DA:221,0
DA:222,0
DA:230,0
DA:235,0
DA:237,0
DA:238,0
DA:239,0
DA:242,0
DA:243,0
DA:246,0
DA:247,0
DA:248,0
DA:249,0
DA:250,0
DA:254,0
DA:255,0
DA:256,0
DA:257,0
DA:258,0
DA:262,0
DA:263,0
DA:267,0
DA:272,0
DA:273,0
DA:275,0
DA:276,0
DA:279,0
DA:282,0
DA:283,0
DA:288,0
DA:291,0
DA:292,0
DA:297,0
DA:300,0
DA:303,0
DA:308,0
DA:309,0
DA:310,0
DA:314,0
DA:315,0
DA:317,0
DA:324,0
DA:325,0
DA:326,0
DA:333,0
DA:335,0
DA:341,0
DA:342,0
DA:343,0
DA:347,0
DA:348,0
DA:349,0
DA:350,0
DA:353,0
DA:355,0
DA:364,0
DA:408,0
DA:414,0
DA:415,0
LF:150
LH:0
BRDA:15,0,0,0
BRDA:16,1,0,0
BRDA:25,2,0,0
BRDA:25,2,1,0
BRDA:36,3,0,0
BRDA:36,3,1,0
BRDA:66,4,0,0
BRDA:66,4,1,0
BRDA:73,5,0,0
BRDA:73,5,1,0
BRDA:76,6,0,0
BRDA:76,6,1,0
BRDA:93,7,0,0
BRDA:93,7,1,0
BRDA:94,8,0,0
BRDA:94,8,1,0
BRDA:95,9,0,0
BRDA:95,9,1,0
BRDA:98,10,0,0
BRDA:98,10,1,0
BRDA:98,11,0,0
BRDA:98,11,1,0
BRDA:99,12,0,0
BRDA:99,12,1,0
BRDA:100,13,0,0
BRDA:100,13,1,0
BRDA:101,14,0,0
BRDA:101,14,1,0
BRDA:102,15,0,0
BRDA:102,15,1,0
BRDA:115,16,0,0
BRDA:115,16,1,0
BRDA:116,17,0,0
BRDA:116,17,1,0
BRDA:122,18,0,0
BRDA:122,18,1,0
BRDA:122,19,0,0
BRDA:122,19,1,0
BRDA:152,20,0,0
BRDA:152,20,1,0
BRDA:153,21,0,0
BRDA:153,21,1,0
BRDA:154,22,0,0
BRDA:154,22,1,0
BRDA:159,23,0,0
BRDA:159,23,1,0
BRDA:167,24,0,0
BRDA:167,24,1,0
BRDA:175,25,0,0
BRDA:175,25,1,0
BRDA:183,26,0,0
BRDA:183,26,1,0
BRDA:191,27,0,0
BRDA:191,27,1,0
BRDA:199,28,0,0
BRDA:199,28,1,0
BRDA:208,29,0,0
BRDA:208,29,1,0
BRDA:209,30,0,0
BRDA:209,30,1,0
BRDA:219,31,0,0
BRDA:219,31,1,0
BRDA:219,32,0,0
BRDA:219,32,1,0
BRDA:221,33,0,0
BRDA:221,33,1,0
BRDA:221,34,0,0
BRDA:221,34,1,0
BRDA:242,35,0,0
BRDA:242,35,1,0
BRDA:243,36,0,0
BRDA:243,36,1,0
BRDA:248,37,0,0
BRDA:248,37,1,0
BRDA:256,38,0,0
BRDA:256,38,1,0
BRDA:262,39,0,0
BRDA:262,39,1,0
BRDA:262,40,0,0
BRDA:262,40,1,0
BRDA:276,41,0,0
BRDA:276,41,1,0
BRDA:282,42,0,0
BRDA:282,42,1,0
BRDA:291,43,0,0
BRDA:291,43,1,0
BRDA:291,44,0,0
BRDA:291,44,1,0
BRDA:307,45,0,0
BRDA:325,46,0,0
BRDA:325,46,1,0
BRDA:341,47,0,0
BRDA:341,47,1,0
BRDA:347,48,0,0
BRDA:347,48,1,0
BRDA:348,49,0,0
BRDA:348,49,1,0
BRF:97
BRH:0
end_of_record
TN:
SF:src\utils\file-parsers\utils\string-distance.js
FN:2,levenshteinDistance
FN:7,(anonymous_1)
FN:35,stringSimilarity
FN:45,jaroWinklerDistance
FN:66,jaro
FN:113,diceCoefficient
FN:131,getNGrams
FN:147,findBestMatch
FNF:8
FNH:0
FNDA:0,levenshteinDistance
FNDA:0,(anonymous_1)
FNDA:0,stringSimilarity
FNDA:0,jaroWinklerDistance
FNDA:0,jaro
FNDA:0,diceCoefficient
FNDA:0,getNGrams
FNDA:0,findBestMatch
DA:3,0
DA:4,0
DA:7,0
DA:10,0
DA:11,0
DA:14,0
DA:15,0
DA:19,0
DA:20,0
DA:21,0
DA:23,0
DA:31,0
DA:36,0
DA:37,0
DA:39,0
DA:41,0
DA:46,0
DA:48,0
DA:49,0
DA:53,0
DA:54,0
DA:55,0
DA:56,0
DA:58,0
DA:62,0
DA:67,0
DA:69,0
DA:70,0
DA:72,0
DA:74,0
DA:75,0
DA:76,0
DA:78,0
DA:79,0
DA:82,0
DA:83,0
DA:84,0
DA:86,0
DA:87,0
DA:89,0
DA:90,0
DA:91,0
DA:92,0
DA:96,0
DA:99,0
DA:100,0
DA:101,0
DA:103,0
DA:105,0
DA:106,0
DA:109,0
DA:114,0
DA:115,0
DA:117,0
DA:118,0
DA:120,0
DA:121,0
DA:122,0
DA:123,0
DA:127,0
DA:132,0
DA:134,0
DA:135,0
DA:136,0
DA:139,0
DA:140,0
DA:143,0
DA:148,0
DA:149,0
DA:151,0
DA:152,0
DA:158,0
DA:159,0
DA:160,0
DA:164,0
LF:75
LH:0
BRDA:21,0,0,0
BRDA:21,0,1,0
BRDA:39,1,0,0
BRDA:39,1,1,0
BRDA:48,2,0,0
BRDA:48,2,1,0
BRDA:55,3,0,0
BRDA:55,3,1,0
BRDA:67,4,0,0
BRDA:67,4,1,0
BRDA:72,5,0,0
BRDA:72,5,1,0
BRDA:72,6,0,0
BRDA:72,6,1,0
BRDA:87,7,0,0
BRDA:87,7,1,0
BRDA:87,8,0,0
BRDA:87,8,1,0
BRDA:96,9,0,0
BRDA:96,9,1,0
BRDA:101,10,0,0
BRDA:101,10,1,0
BRDA:105,11,0,0
BRDA:105,11,1,0
BRDA:113,12,0,0
BRDA:117,13,0,0
BRDA:117,13,1,0
BRDA:117,14,0,0
BRDA:117,14,1,0
BRDA:118,15,0,0
BRDA:118,15,1,0
BRDA:118,16,0,0
BRDA:118,16,1,0
BRDA:122,17,0,0
BRDA:122,17,1,0
BRDA:134,18,0,0
BRDA:134,18,1,0
BRDA:147,19,0,0
BRDA:158,20,0,0
BRDA:158,20,1,0
BRDA:158,21,0,0
BRDA:158,21,1,0
BRF:42
BRH:0
end_of_record
